2025-02-28T07:23:06.973632300|UnknownUser|LogService.logAction(..)
2025-02-28 07:23:06|null|로그인 실패
2025-02-28T07:23:14.479376400|admin1|LogService.logAction(..)
2025-02-28 07:23:14|admin1|로그인
2025-02-28T09:16:12.182587400|UnknownUser|LogService.logAction(..)
2025-02-28 09:16:12|null|로그인 실패
2025-02-28T09:16:17.929474300|admin1|LogService.logAction(..)
2025-02-28 09:16:17|admin1|로그인
2025-02-28T09:17:56.793105700|admin1|LogService.logAction(..)
2025-02-28 09:17:56|admin1|로그인
2025-02-28T09:19:58.204060100|admin1|LogService.logAction(..)
2025-02-28 09:19:58|admin1|로그인
2025-02-28T09:21:16.622594500|admin1|LogService.logAction(..)
2025-02-28 09:21:16|admin1|로그인
2025-02-28T09:32:01.608598800|admin1|LogService.logAction(..)
2025-02-28 09:32:01|admin1|로그인
2025-02-28T09:34:31.086336|admin1|LogService.logAction(..)
2025-02-28 09:34:31|admin1|로그인
2025-02-28T09:35:26.754738200|admin1|LogService.logAction(..)
2025-02-28 09:35:26|admin1|로그인
2025-02-28T09:36:15.775426400|admin1|LogService.logAction(..)
2025-02-28 09:36:15|admin1|로그인
2025-02-28T09:37:16.787548200|admin1|LogService.logAction(..)
2025-02-28 09:37:16|admin1|로그인
2025-02-28T10:19:37.319944200|admin1|LogService.logAction(..)
2025-02-28 10:19:37|admin1|로그인
2025-02-28T10:27:28.080425600|admin1|LogService.logAction(..)
2025-02-28 10:27:28|admin1|로그인
2025-02-28T10:56:48.760250|admin1|LogService.logAction(..)
2025-02-28 10:56:48|admin1|로그인
2025-02-28T11:30:18.431649800|UnknownUser|LogService.logAction(..)
2025-02-28 11:30:18|null|로그인 실패
2025-02-28T11:30:24.230379900|admin1|LogService.logAction(..)
2025-02-28 11:30:24|admin1|로그인
2025-02-28T11:32:47.224504200|UnknownUser|LogService.logAction(..)
2025-02-28 11:32:47|null|로그인 실패
2025-02-28T11:32:52.985601500|admin1|LogService.logAction(..)
2025-02-28 11:32:52|admin1|로그인
2025-02-28T11:58:28.274751700|admin1|LogService.logAction(..)
2025-02-28 11:58:28|admin1|로그인
2025-02-28 12:07:41|admin1|관리자 등록 : admin3|
2025-02-28 12:07:58|admin1|관리자 수정 : admin3|비밀번호 : dustlr97! 권한 : service_manager
2025-02-28 12:08:02|admin1|관리자 삭제 : admin3|
2025-02-28 12:08:33|admin1|관리자 등록 : dustlr97|
2025-02-28 12:09:42|admin1|유저 수정 : 26|포인트 : 3400 장작 : 15 돋보기 : 14
