2025-02-27T09:21:18.672963600|admin1|LogService.logAction(..)
2025-02-27 09:21:18|admin1|로그인
2025-02-27T09:44:40.128331|admin1|LogService.logAction(..)
2025-02-27 09:44:40|admin1|로그인
2025-02-27T12:33:01.683652100|admin1|LogService.logAction(..)
2025-02-27 12:33:01|admin1|로그인
2025-02-27T13:40:52.808131700|admin1|LogService.logAction(..)
2025-02-27 13:40:52|admin1|로그인
2025-02-27T13:55:25.140882100|UnknownUser|LogService.logAction(..)
2025-02-27 13:55:25|admin1|로그아웃
2025-02-27T13:55:31.567453300|admin10|LogService.logAction(..)
2025-02-27 13:55:31|admin10|로그인
2025-02-27T13:56:12.630438800|UnknownUser|LogService.logAction(..)
2025-02-27 13:56:12|admin10|로그아웃
2025-02-27T13:56:19.584119100|admin1|LogService.logAction(..)
2025-02-27 13:56:19|admin1|로그인
2025-02-27T13:56:31.959966300|UnknownUser|LogService.logAction(..)
2025-02-27 13:56:31|admin1|로그아웃
2025-02-27T13:57:00.708266500|admin10|LogService.logAction(..)
2025-02-27 13:57:00|admin10|로그인
2025-02-27T13:58:34.423564800|admin10|LogService.logAction(..)
2025-02-27 13:58:34|admin10|로그인
2025-02-27T14:01:08.606113900|admin10|LogService.logAction(..)
2025-02-27 14:01:08|admin10|로그인
2025-02-27T14:22:03.553229400|admin1|LogService.logAction(..)
2025-02-27 14:22:03|admin1|로그인
2025-02-27T14:26:53.721197|admin1|LogService.logAction(..)
2025-02-27 14:26:53|admin1|로그인
2025-02-27T14:35:01.937579|admin10|LogService.logAction(..)
2025-02-27 14:35:01|admin10|로그인
2025-02-27T14:38:18.858715300|admin10|LogService.logAction(..)
2025-02-27 14:38:18|admin10|로그인
2025-02-27T14:38:54.910526400|admin10|LogService.logAction(..)
2025-02-27 14:38:54|admin10|로그인
2025-02-27T14:39:14.888671700|admin1|LogService.logAction(..)
2025-02-27 14:39:14|admin1|로그인
2025-02-27T18:37:22.958261100|admin1|LogService.logAction(..)
2025-02-27 18:37:22|admin1|로그인
2025-02-27T19:20:54.667429500|admin1|LogService.logAction(..)
2025-02-27 19:20:54|admin1|로그인
2025-02-27T19:23:30.305531400|admin1|LogService.logAction(..)
2025-02-27 19:23:30|admin1|로그인
2025-02-27 19:27:55|admin1|유저 수정 : 26|포인트 : 3400 장작 : 16 돋보기 : 14
2025-02-27T19:54:34.793092|admin1|LogService.logAction(..)
2025-02-27 19:54:34|admin1|로그인
2025-02-27T20:11:56.503555500|admin1|LogService.logAction(..)
2025-02-27 20:11:56|admin1|로그인
2025-02-27T22:20:55.202870300|admin1|LogService.logAction(..)
2025-02-27 22:20:55|admin1|로그인
