2025-03-04T09:19:48.649519700|UnknownUser|LogService.logAction(..)
2025-03-04 09:19:48|null|로그인 실패
2025-03-04T09:19:54.390512700|admin1|LogService.logAction(..)
2025-03-04 09:19:54|admin1|로그인
2025-03-04T09:20:11.462350600|UnknownUser|LogService.logAction(..)
2025-03-04 09:20:11|admin1|로그아웃
2025-03-04T09:34:16.328622600|admin1|LogService.logAction(..)
2025-03-04 09:34:16|admin1|로그인
2025-03-04T09:47:42.592811900|admin1|LogService.logAction(..)
2025-03-04 09:47:42|admin1|로그인
2025-03-04 09:48:07|admin1|유저 수정 : 27|포인트 : 1 장작 : 4 돋보기 : 1
2025-03-04T09:59:47.325059300|UnknownUser|LogService.logAction(..)
2025-03-04 09:59:47|null|로그인 실패
2025-03-04T09:59:51.876875500|admin1|LogService.logAction(..)
2025-03-04 09:59:51|admin1|로그인
2025-03-04T10:03:13.281241400|admin1|LogService.logAction(..)
2025-03-04 10:03:13|admin1|로그인
2025-03-04T10:06:02.105104200|UnknownUser|LogService.logAction(..)
2025-03-04 10:06:02|null|로그인 실패
2025-03-04T10:06:06.313693400|UnknownUser|LogService.logAction(..)
2025-03-04 10:06:06|null|로그인 실패
2025-03-04T10:06:11.729869900|admin1|LogService.logAction(..)
2025-03-04 10:06:11|admin1|로그인
2025-03-04 10:07:51|admin1|관리자 수정 : manager3|비밀번호 :  권한 : master
2025-03-04 10:09:25|admin1|관리자 수정 : manager3|비밀번호 : admin1! 권한 : master
2025-03-04 10:10:29|admin1|관리자 등록 : admin4|
2025-03-04 10:10:35|admin1|관리자 삭제 : admin4|
2025-03-04T10:34:18.425343900|admin1|LogService.logAction(..)
2025-03-04 10:34:18|admin1|로그인
2025-03-04T10:40:50.074390800|admin1|LogService.logAction(..)
2025-03-04 10:40:50|admin1|로그인
2025-03-04 10:42:59|admin1|관리자 수정 : dustlr97|비밀번호 : dustlr97! 권한 : service_manager
2025-03-04 10:43:10|admin1|관리자 수정 : dustlr97|비밀번호 : admin1 권한 : service_manager
2025-03-04 10:45:05|admin1|관리자 등록 : dustlr11|
2025-03-04 10:48:54|admin1|관리자 등록 : dustlr02|
2025-03-04 10:48:59|admin1|관리자 삭제 : dustlr02|
2025-03-04 10:49:11|admin1|관리자 삭제 : dustlr11|
2025-03-04 10:52:21|admin1|관리자 등록 : dustlr|
2025-03-04 10:52:32|admin1|관리자 삭제 : dustlr|
2025-03-04T10:52:59.881643100|admin1|LogService.logAction(..)
2025-03-04 10:52:59|admin1|로그인
2025-03-04 10:53:17|admin1|관리자 등록 : dustlr|
2025-03-04 10:53:25|admin1|관리자 삭제 : dustlr|
2025-03-04 10:57:06|admin1|관리자 등록 : dustlr|
2025-03-04 10:57:10|admin1|관리자 삭제 : dustlr|
2025-03-04T11:02:14.091891800|admin1|LogService.logAction(..)
2025-03-04 11:02:14|admin1|로그인
2025-03-04T11:06:04.517257900|admin1|LogService.logAction(..)
2025-03-04 11:06:04|admin1|로그인
2025-03-04T11:11:36.007503700|admin1|LogService.logAction(..)
2025-03-04 11:11:35|admin1|로그인
2025-03-04T11:12:47.844927200|UnknownUser|LogService.logAction(..)
2025-03-04 11:12:47|null|로그인 실패
2025-03-04T11:12:51.821429|admin1|LogService.logAction(..)
2025-03-04 11:12:51|admin1|로그인
2025-03-04T11:16:49.470196700|admin1|LogService.logAction(..)
2025-03-04 11:16:49|admin1|로그인
2025-03-04T11:35:30.350670400|admin1|LogService.logAction(..)
2025-03-04 11:35:30|admin1|로그인
2025-03-04 11:36:00|admin1|관리자 등록 : admin01|
2025-03-04 11:36:19|admin1|관리자 수정 : admin01|비밀번호 : dustlr97! 권한 : master
2025-03-04 11:36:41|admin1|관리자 수정 : admin01|비밀번호 : dustlr97! 권한 : master
2025-03-04 11:38:45|admin1|관리자 수정 : admin01|비밀번호 : dustlr97! 권한 : master
2025-03-04 11:41:25|admin1|관리자 수정 : admin01|비밀번호 : dustlr97! 권한 : master
2025-03-04 11:41:46|admin1|관리자 수정 : admin01|비밀번호 : dustlr97! 권한 : master
2025-03-04 11:43:06|admin1|관리자 수정 : admin01|비밀번호 : dustlr97! 권한 : master
2025-03-04 11:45:30|admin1|관리자 수정 : admin01|비밀번호 : dustlr97! 권한 : master
2025-03-04 11:45:36|admin1|관리자 수정 : admin01|비밀번호 : datafds 권한 : master
2025-03-04 11:45:52|admin1|관리자 수정 : admin01|비밀번호 : austlr97! 권한 : master
2025-03-04 11:46:03|admin1|관리자 수정 : admin01|비밀번호 : dustlr97! 권한 : master
2025-03-04T11:50:08.412647100|admin1|LogService.logAction(..)
2025-03-04 11:50:08|admin1|로그인
2025-03-04 11:50:25|admin1|관리자 수정 : admin01|비밀번호 : dustlr97! 권한 : master
2025-03-04 11:50:50|admin1|관리자 수정 : admin01|비밀번호 : dustlr97! 권한 : master
2025-03-04 11:50:58|admin1|관리자 수정 : admin01|비밀번호 : dustlr97! 권한 : master
2025-03-04 11:51:05|admin1|관리자 수정 : admin01|비밀번호 : dustlr97! 권한 : master
2025-03-04T12:06:08.237768|admin1|LogService.logAction(..)
2025-03-04 12:06:08|admin1|로그인
2025-03-04 12:06:15|admin1|관리자 수정 : admin01|비밀번호 : dustlr97! 권한 : master
2025-03-04 12:06:28|admin1|관리자 수정 : admin01|비밀번호 : dustlr97! 권한 : master
2025-03-04 12:06:31|admin1|관리자 수정 : admin01|비밀번호 : dustlr97! 권한 : master
2025-03-04T12:16:33.241014100|admin1|LogService.logAction(..)
2025-03-04 12:16:33|admin1|로그인
2025-03-04 12:17:15|admin1|유저 수정 : 36|포인트 : 0 장작 : 3 돋보기 : 0
2025-03-04T12:18:00.257237600|admin1|LogService.logAction(..)
2025-03-04 12:18:00|admin1|로그인
2025-03-04T12:34:46.880225100|admin1|LogService.logAction(..)
2025-03-04 12:34:46|admin1|로그인
2025-03-04 12:35:28|admin1|유저 수정 : 36|포인트 : 0 장작 : 3 돋보기 : 0
2025-03-04 12:38:13|admin1|유저 수정 : 36|포인트 : 0 장작 : 3 돋보기 : 0
2025-03-04 12:38:21|admin1|유저 수정 : 36|포인트 : 0 장작 : 3 돋보기 : 0
2025-03-04 12:40:24|admin1|유저 수정 : 36|포인트 : 0 장작 : 3 돋보기 : 0
2025-03-04 12:42:13|admin1|유저 수정 : 36|포인트 : 0 장작 : 3 돋보기 : 0
2025-03-04T12:42:56.649380100|admin1|LogService.logAction(..)
2025-03-04 12:42:56|admin1|로그인
2025-03-04 12:43:09|admin1|유저 수정 : 36|포인트 : 0 장작 : 3 돋보기 : 0
2025-03-04 12:44:59|admin1|유저 수정 : 36|포인트 : 0 장작 : 3 돋보기 : 0
2025-03-04T13:10:17.648424100|admin1|LogService.logAction(..)
2025-03-04 13:10:17|admin1|로그인
2025-03-04 13:10:23|admin1|관리자 수정 : admin01|비밀번호 : dustlr97! 권한 : master
2025-03-04 13:34:16|admin1|관리자 수정 : admin01|비밀번호 : dustlr97! 권한 : master
2025-03-04 13:34:23|admin1|관리자 수정 : admin01|비밀번호 : dustlr97! 권한 : master
2025-03-04 13:34:55|admin1|관리자 수정 : admin01|비밀번호 : dustlr97! 권한 : master
2025-03-04 13:35:02|admin1|관리자 수정 : admin01|비밀번호 : dustlr97! 권한 : master
2025-03-04 13:37:55|admin1|관리자 수정 : admin01|비밀번호 : dustlr97! 권한 : master
2025-03-04 13:38:14|admin1|관리자 수정 : admin01|비밀번호 : dustlr97! 권한 : master
2025-03-04 13:40:09|admin1|관리자 수정 : admin01|비밀번호 : dustlr97! 권한 : master
2025-03-04T13:41:51.377834200|admin1|LogService.logAction(..)
2025-03-04 13:41:51|admin1|로그인
2025-03-04 13:42:10|admin1|관리자 수정 : admin01|비밀번호 : dustlr97! 권한 : master
2025-03-04T13:49:30.097977900|admin1|LogService.logAction(..)
2025-03-04 13:49:30|admin1|로그인
2025-03-04 13:49:47|admin1|관리자 수정 : admin01|비밀번호 : dustlr97! 권한 : service_manager
2025-03-04 13:52:12|admin1|관리자 수정 : admin1|비밀번호 : dustlr97! 권한 : master
2025-03-04T14:06:57.780581700|UnknownUser|LogService.logAction(..)
2025-03-04 14:06:57|null|로그인 실패
2025-03-04T14:07:02.661924900|admin1|LogService.logAction(..)
2025-03-04 14:07:02|admin1|로그인
2025-03-04T14:14:06.322203|admin1|LogService.logAction(..)
2025-03-04 14:14:06|admin1|로그인
2025-03-04 14:14:17|admin1|유저 수정 : 37|포인트 : 4600 장작 : 21 돋보기 : 20
2025-03-04T14:26:23.878803900|admin1|LogService.logAction(..)
2025-03-04 14:26:23|admin1|로그인
2025-03-04T14:31:47.590101500|UnknownUser|LogService.logAction(..)
2025-03-04 14:31:47|null|로그인 실패
2025-03-04T14:31:51.838147400|admin1|LogService.logAction(..)
2025-03-04 14:31:51|admin1|로그인
2025-03-04T14:37:15.023088700|UnknownUser|LogService.logAction(..)
2025-03-04 14:37:15|admin1|로그아웃
2025-03-04T14:37:20.581841600|UnknownUser|LogService.logAction(..)
2025-03-04 14:37:20|null|로그인 실패
2025-03-04T14:37:43.417750400|admin1|LogService.logAction(..)
2025-03-04 14:37:43|admin1|로그인
2025-03-04T15:09:20.034510500|admin1|LogService.logAction(..)
2025-03-04 15:09:19|admin1|로그인
2025-03-04T15:16:04.559268200|admin1|LogService.logAction(..)
2025-03-04 15:16:04|admin1|로그인|
2025-03-04T15:17:06.415669700|admin1|LogService.logAction(..)
2025-03-04 15:17:06|admin1|로그인|
2025-03-04 15:18:14|admin1|유저 수정 : 37|포인트 : 4600 장작 : 21 돋보기 : 20
2025-03-04T15:48:45.802972200|admin1|LogService.logAction(..)
2025-03-04 15:48:45|admin1|로그인
