2025-02-26 09:23:47|admin1|로그인
2025-02-26 09:26:24|admin1|로그인
2025-02-26 09:27:41|admin1|로그인
2025-02-26 09:28:55|admin1|로그인
2025-02-26 09:29:32|admin1|관리자 등록 : admin1|
2025-02-26 09:29:32|admin1|관리자 등록 : admin1|
2025-02-26 09:29:57|admin1|관리자 등록 : admin1|
2025-02-26 09:29:57|admin1|관리자 등록 : admin1|
2025-02-26 09:30:13|admin1|관리자 수정 : admin1|
2025-02-26 09:30:13|admin1|관리자 수정 : admin1|
2025-02-26 09:30:21|admin1||
2025-02-26 09:30:21|admin1||
2025-02-26 09:32:28|admin1|로그인
2025-02-26 09:32:52|admin1|관리자 등록 : admin1|
2025-02-26 09:32:52|admin1|관리자 등록 : admin1|
2025-02-26 09:45:51|admin1|로그인
2025-02-26 09:47:50|admin1|로그인
2025-02-26 09:50:26|null|로그인 실패
2025-02-26 09:50:31|admin1|로그인
2025-02-26 09:51:16|admin1||
2025-02-26 09:51:16|admin1||
2025-02-26 09:52:18|admin1|로그인
2025-02-26 10:33:50|admin1|로그인
2025-02-26 10:34:11|admin1|유저 수정null|사진 : null포인트 : null장작 : null돋보기 : null
2025-02-26 10:34:11|admin1|유저 수정null|사진 : null포인트 : null장작 : null돋보기 : null
2025-02-26 10:36:06|admin1|로그인
2025-02-26 10:37:08|admin1|로그인
2025-02-26 10:38:17|admin1|로그인
2025-02-26 10:39:34|admin1|로그인
2025-02-26 10:40:38|admin1|관리자 등록 : admin25|
2025-02-26 10:40:38|admin1|관리자 등록 : admin25|
2025-02-26 10:41:39|admin1|관리자 수정 : null|포인트 : null권한 : null
2025-02-26 10:41:39|admin1|관리자 수정 : null|포인트 : null권한 : null
2025-02-26 10:45:40|admin1|관리자 수정 : null|포인트 : null권한 : null
2025-02-26 10:45:40|admin1|관리자 수정 : null|포인트 : null권한 : null
2025-02-26 10:55:57|admin1|zzz|
2025-02-26 10:55:57|admin1|zzz|
2025-02-26 10:56:03|admin1|로그인
2025-02-26 10:56:03|admin1|zzz|
2025-02-26 10:56:03|admin1|zzz|
2025-02-26 10:56:04|admin1|zzz|
2025-02-26 10:56:04|admin1|zzz|
2025-02-26 10:56:06|admin1|zzz|user_id=5, 
2025-02-26 10:56:06|admin1|zzz|user_id=5, 
2025-02-26 10:56:06|admin1|zzz|
2025-02-26 10:56:06|admin1|zzz|
2025-02-26 10:56:06|admin1|zzz|
2025-02-26 10:56:06|admin1|zzz|
2025-02-26 10:56:13|admin1|zzz|
2025-02-26 10:56:13|admin1|zzz|
2025-02-26 10:56:13|admin1|zzz|msgType=성공, msg=수정 되었습니다., 
2025-02-26 10:56:13|admin1|zzz|msgType=성공, msg=수정 되었습니다., 
2025-02-26 10:57:01|admin1|zzz|user_id=5, 
2025-02-26 10:57:01|admin1|zzz|user_id=5, 
2025-02-26 10:57:01|admin1|zzz|
2025-02-26 10:57:01|admin1|zzz|
2025-02-26 10:57:01|admin1|zzz|
2025-02-26 10:57:01|admin1|zzz|
2025-02-26 10:57:02|admin1|zzz|
2025-02-26 10:57:02|admin1|zzz|
2025-02-26 10:57:08|admin1|zzz|
2025-02-26 10:57:08|admin1|zzz|
2025-02-26 10:57:12|admin1|zzz|
2025-02-26 10:57:12|admin1|zzz|
2025-02-26 10:57:13|admin1|zzz|
2025-02-26 10:57:13|admin1|zzz|
2025-02-26 10:57:17|admin1|zzz|id=admin25, 
2025-02-26 10:57:17|admin1|zzz|id=admin25, 
2025-02-26 10:57:25|admin1|zzz|
2025-02-26 10:57:25|admin1|zzz|
2025-02-26 10:57:26|admin1|zzz|
2025-02-26 10:57:26|admin1|zzz|
2025-02-26 10:58:29|admin1|zzz|id=admin25, 
2025-02-26 10:58:29|admin1|zzz|id=admin25, 
2025-02-26 10:58:30|admin1|zzz|
2025-02-26 10:58:30|admin1|zzz|
2025-02-26 11:02:41|admin1|zzz|
2025-02-26 11:02:41|admin1|zzz|
2025-02-26 11:02:49|admin1|로그인
2025-02-26 11:02:49|admin1|zzz|
2025-02-26 11:02:49|admin1|zzz|
2025-02-26 11:03:03|admin1|zzz|
2025-02-26 11:03:03|admin1|zzz|
2025-02-26 11:03:05|admin1|zzz|id=admin25, 
2025-02-26 11:03:05|admin1|zzz|id=admin25, 
2025-02-26 11:03:14|admin1|zzz|
2025-02-26 11:03:14|admin1|zzz|
2025-02-26 11:03:15|admin1|zzz|
2025-02-26 11:03:15|admin1|zzz|
2025-02-26 11:04:30|admin1|zzz|
2025-02-26 11:04:30|admin1|zzz|
2025-02-26 11:04:38|admin1|로그인
2025-02-26 11:04:38|admin1|zzz|
2025-02-26 11:04:38|admin1|zzz|
2025-02-26 11:04:39|admin1|zzz|
2025-02-26 11:04:39|admin1|zzz|
2025-02-26 11:04:41|admin1|zzz|
2025-02-26 11:04:41|admin1|zzz|
2025-02-26 11:04:43|admin1|zzz|
2025-02-26 11:04:43|admin1|zzz|
2025-02-26 11:04:45|admin1|zzz|id=admin25, 
2025-02-26 11:04:45|admin1|zzz|id=admin25, 
2025-02-26 11:04:57|admin1|zzz|
2025-02-26 11:04:57|admin1|zzz|
2025-02-26 11:06:43|admin1|zzz|id=admin25, 
2025-02-26 11:06:43|admin1|zzz|id=admin25, 
2025-02-26 11:06:51|admin1|zzz|
2025-02-26 11:06:51|admin1|zzz|
2025-02-26 11:06:53|admin1|zzz|
2025-02-26 11:06:53|admin1|zzz|
2025-02-26 11:35:13|admin1|로그인
2025-02-26 11:37:38|admin1|로그인
2025-02-26 11:41:41|admin1|로그인
2025-02-26T11:48:18.050672600/admin1/LogService.logAction(..)
2025-02-26 11:48:18|admin1|로그인
2025-02-26T11:49:31.102371800/admin1/LogService.logAction(..)
2025-02-26 11:49:31|admin1|로그인
2025-02-26T11:51:16.510033900/admin1/LogService.logAction(..)
2025-02-26 11:51:16|admin1|로그인
2025-02-26T11:51:52.675589700/admin1/LogService.logAction(..)
2025-02-26 11:51:52|admin1|로그인
2025-02-26T11:52:11.670399/admin1/LogService.logAction(..)
2025-02-26 11:52:11|admin1|로그인
2025-02-26T11:54:29.165650200|admin1|LogService.logAction(..)
2025-02-26 11:54:29|admin1|로그인
2025-02-26T12:09:56.283662800|admin1|LogService.logAction(..)
2025-02-26 12:09:56|admin1|로그인
2025-02-26 12:13:23|admin1|로그인
2025-02-26 12:15:26|admin1|로그인
2025-02-26T12:16:13.561197400|admin1|LogService.logAction(..)
2025-02-26 12:16:13|admin1|로그인
2025-02-26T12:39:21.773995200|admin1|LogService.logAction(..)
2025-02-26 12:39:21|admin1|로그인
2025-02-26T12:47:19.492601200|admin1|LogService.logAction(..)
2025-02-26 12:47:19|admin1|로그인
2025-02-26 12:50:16|admin1|로그인
2025-02-26T13:03:59.925294600|admin1|LogService.logAction(..)
2025-02-26 13:03:59|admin1|로그인
2025-02-26T14:36:55.353567600|admin1|LogService.logAction(..)
2025-02-26 14:36:55|admin1|로그인
2025-02-26 14:37:18|Anonymous|관리자 등록 : admin29|
2025-02-26 14:37:29|Anonymous|관리자 삭제 : admin29|
2025-02-26 14:42:02|Anonymous|관리자 삭제 : admin19|
2025-02-26T14:42:43.742163100|admin1|LogService.logAction(..)
2025-02-26 14:42:43|admin1|로그인
2025-02-26 14:42:50|Anonymous|관리자 삭제 : admin18|
2025-02-26 14:43:12|Anonymous|관리자 수정 : admin17|비밀번호 : $2a$10$V3mHpiH6D2gZ2q7pRFZfM.BAbLn.uiQ5zbxG2G5A9Eu9X4Ie91JBC 권한 : service_manager
2025-02-26T15:01:56.788906600|admin1|LogService.logAction(..)
2025-02-26 15:01:56|admin1|로그인
2025-02-26T15:19:10.590555100|admin1|LogService.logAction(..)
2025-02-26 15:19:10|admin1|로그인
2025-02-26T15:19:44.111947500|admin1|LogService.logAction(..)
2025-02-26 15:19:44|admin1|로그인
2025-02-26T15:48:09.460081200|admin1|LogService.logAction(..)
2025-02-26 15:48:09|admin1|로그인
2025-02-26T16:11:24.260935100|admin1|LogService.logAction(..)
2025-02-26 16:11:24|admin1|로그인
2025-02-26T16:17:05.887630500|admin2|LogService.logAction(..)
2025-02-26 16:17:05|admin2|로그인
2025-02-26T16:20:42.694573500|admin1|LogService.logAction(..)
2025-02-26 16:20:42|admin1|로그인
2025-02-26T16:21:48.542130|admin1|LogService.logAction(..)
2025-02-26 16:21:48|admin1|로그인
2025-02-26T16:22:42.582691800|admin1|LogService.logAction(..)
2025-02-26 16:22:42|admin1|로그인
2025-02-26T17:09:45.143245900|admin1|LogService.logAction(..)
2025-02-26 17:09:45|admin1|로그인
2025-02-26T17:12:12.685400300|admin1|LogService.logAction(..)
2025-02-26 17:12:12|admin1|로그인
2025-02-26T17:19:09.209309600|admin1|LogService.logAction(..)
2025-02-26 17:19:09|admin1|로그인
2025-02-26T17:21:53.719299|admin1|LogService.logAction(..)
2025-02-26 17:21:53|admin1|로그인
2025-02-26T17:23:09.041804500|admin1|LogService.logAction(..)
2025-02-26 17:23:09|admin1|로그인
2025-02-26 17:23:21|Anonymous|관리자 수정 : admin17|비밀번호 : dustlr97! 권한 : service_manager
2025-02-26 17:23:47|Anonymous|관리자 등록 : admin30|
2025-02-26 17:23:53|Anonymous|관리자 삭제 : admin30|
2025-02-26 17:24:17|Anonymous|유저 수정 : 5|포인트 : 2 장작 : 2 돋보기 : 2
2025-02-26 17:29:01|Anonymous|게시물 블라인드 : 2|
2025-02-26 17:29:06|Anonymous|게시물 블라인드 : 2|
2025-02-26T17:29:48.809089700|admin1|LogService.logAction(..)
2025-02-26 17:29:48|admin1|로그인
2025-02-26T17:32:48.117857700|admin1|LogService.logAction(..)
2025-02-26 17:32:48|admin1|로그인
2025-02-26T17:35:41.832511100|admin1|LogService.logAction(..)
2025-02-26 17:35:41|admin1|로그인
2025-02-26T17:37:54.654002800|admin1|LogService.logAction(..)
2025-02-26 17:37:54|admin1|로그인
2025-02-26T17:39:55.533157600|admin1|LogService.logAction(..)
2025-02-26 17:39:55|admin1|로그인
2025-02-26T17:44:36.245569700|admin1|LogService.logAction(..)
2025-02-26 17:44:36|admin1|로그인
2025-02-26 17:46:04|Anonymous|유저 수정 : 5|포인트 : 20 장작 : 20 돋보기 : 20
2025-02-26 17:47:06|Anonymous|관리자 등록 : admin31|
2025-02-26 17:47:11|Anonymous|관리자 삭제 : admin31|
2025-02-26 17:47:25|Anonymous|관리자 수정 : admin31|비밀번호 : dustlr97! 권한 : service_manager
2025-02-26 17:47:32|Anonymous|관리자 삭제 : admin17|
2025-02-26 17:48:13|Anonymous|게시물 블라인드 : 2|
2025-02-26 17:48:16|Anonymous|게시물 블라인드 : 2|
2025-02-26T18:22:35.932884100|admin1|LogService.logAction(..)
2025-02-26 18:22:35|admin1|로그인
2025-02-26T18:25:45.559747200|admin1|LogService.logAction(..)
2025-02-26 18:25:45|admin1|로그인
2025-02-26T18:27:20.705552300|admin1|LogService.logAction(..)
2025-02-26 18:27:20|admin1|로그인
2025-02-26T19:15:50.049009500|admin1|LogService.logAction(..)
2025-02-26 19:15:50|admin1|로그인
2025-02-26T19:22:19.699883800|admin1|LogService.logAction(..)
2025-02-26 19:22:19|admin1|로그인
2025-02-26 19:25:28|Anonymous|유저 수정 : 5|포인트 : 20 장작 : 20 돋보기 : 20
2025-02-26 19:27:16|Anonymous|유저 수정 : 5|포인트 : 20 장작 : 20 돋보기 : 20
2025-02-26 19:36:37|Anonymous|유저 수정 : 5|포인트 : 20 장작 : 20 돋보기 : 20
2025-02-26 19:38:54|Anonymous|유저 수정 : 5|포인트 : 20 장작 : 20 돋보기 : 20
2025-02-26 19:43:54|Anonymous|유저 수정 : 5|포인트 : 20 장작 : 20 돋보기 : 20
2025-02-26 19:44:11|Anonymous|유저 수정 : 5|포인트 : 20 장작 : 20 돋보기 : 20
2025-02-26 19:44:17|Anonymous|유저 수정 : 5|포인트 : 20 장작 : 20 돋보기 : 20
2025-02-26 19:44:21|Anonymous|유저 수정 : 5|포인트 : 20 장작 : 20 돋보기 : 20
2025-02-26 19:46:42|Anonymous|유저 수정 : 5|포인트 : 20 장작 : 20 돋보기 : 20
2025-02-26T19:53:19.718655500|admin1|LogService.logAction(..)
2025-02-26 19:53:19|admin1|로그인
2025-02-26 19:53:35|Anonymous|유저 수정 : 5|포인트 : 20 장작 : 20 돋보기 : 20
2025-02-26T19:58:13.739732200|admin1|LogService.logAction(..)
2025-02-26 19:58:13|admin1|로그인
2025-02-26T20:00:10.725960500|admin1|LogService.logAction(..)
2025-02-26 20:00:10|admin1|로그인
2025-02-26 20:01:48|Anonymous|유저 수정 : 4|포인트 : 0 장작 : 3 돋보기 : 0
2025-02-26T20:07:11.797818200|admin1|LogService.logAction(..)
2025-02-26 20:07:11|admin1|로그인
2025-02-26 20:07:40|Anonymous|관리자 삭제 : admin16|
2025-02-26 20:21:34|admin1|관리자 삭제 : admin15|
2025-02-26 20:24:07|admin1|관리자 등록 : admin10|
2025-02-26T20:41:15.797817300|admin1|LogService.logAction(..)
2025-02-26 20:41:15|admin1|로그인
2025-02-26T22:20:02.489416800|admin1|LogService.logAction(..)
2025-02-26 22:20:02|admin1|로그인
