09-Feb-2025 22:33:01.133 INFO [main] org.apache.catalina.startup.VersionLoggerListener.log 서버 버전 이름:    Apache Tomcat/9.0.98
09-Feb-2025 22:33:01.136 INFO [main] org.apache.catalina.startup.VersionLoggerListener.log Server 빌드 시각:  Dec 5 2024 19:50:29 UTC
09-Feb-2025 22:33:01.136 INFO [main] org.apache.catalina.startup.VersionLoggerListener.log Server 버전 번호:  9.0.98.0
09-Feb-2025 22:33:01.136 INFO [main] org.apache.catalina.startup.VersionLoggerListener.log 운영체제 이름:     Windows 11
09-Feb-2025 22:33:01.136 INFO [main] org.apache.catalina.startup.VersionLoggerListener.log 운영체제 버전:     10.0
09-Feb-2025 22:33:01.136 INFO [main] org.apache.catalina.startup.VersionLoggerListener.log 아키텍처:          amd64
09-Feb-2025 22:33:01.136 INFO [main] org.apache.catalina.startup.VersionLoggerListener.log 자바 홈:           C:\Program Files\Java\jdk-23
09-Feb-2025 22:33:01.136 INFO [main] org.apache.catalina.startup.VersionLoggerListener.log JVM 버전:          23.0.1+11-39
09-Feb-2025 22:33:01.138 INFO [main] org.apache.catalina.startup.VersionLoggerListener.log JVM 벤더:          Oracle Corporation
09-Feb-2025 22:33:01.138 INFO [main] org.apache.catalina.startup.VersionLoggerListener.log CATALINA_BASE:     C:\Mvc_Project_Manager
09-Feb-2025 22:33:01.138 INFO [main] org.apache.catalina.startup.VersionLoggerListener.log CATALINA_HOME:     C:\Users\apache-tomcat-9.0.98
09-Feb-2025 22:33:01.145 INFO [main] org.apache.catalina.startup.VersionLoggerListener.log 명령 행 아규먼트:  --add-opens=java.base/java.lang=ALL-UNNAMED
09-Feb-2025 22:33:01.145 INFO [main] org.apache.catalina.startup.VersionLoggerListener.log 명령 행 아규먼트:  --add-opens=java.base/java.io=ALL-UNNAMED
09-Feb-2025 22:33:01.145 INFO [main] org.apache.catalina.startup.VersionLoggerListener.log 명령 행 아규먼트:  --add-opens=java.base/java.util=ALL-UNNAMED
09-Feb-2025 22:33:01.145 INFO [main] org.apache.catalina.startup.VersionLoggerListener.log 명령 행 아규먼트:  --add-opens=java.base/java.util.concurrent=ALL-UNNAMED
09-Feb-2025 22:33:01.145 INFO [main] org.apache.catalina.startup.VersionLoggerListener.log 명령 행 아규먼트:  --add-opens=java.rmi/sun.rmi.transport=ALL-UNNAMED
09-Feb-2025 22:33:01.145 INFO [main] org.apache.catalina.startup.VersionLoggerListener.log 명령 행 아규먼트:  -Dcatalina.home=C:\Users\apache-tomcat-9.0.98
09-Feb-2025 22:33:01.145 INFO [main] org.apache.catalina.startup.VersionLoggerListener.log 명령 행 아규먼트:  -Dcatalina.base=C:\Mvc_Project_Manager
09-Feb-2025 22:33:01.145 INFO [main] org.apache.catalina.startup.VersionLoggerListener.log 명령 행 아규먼트:  -Djava.io.tmpdir=C:\Mvc_Project_Manager\temp
09-Feb-2025 22:33:01.145 INFO [main] org.apache.catalina.startup.VersionLoggerListener.log 명령 행 아규먼트:  -Djava.util.logging.config.file=C:\Mvc_Project_Manager\conf\logging.properties
09-Feb-2025 22:33:01.147 INFO [main] org.apache.catalina.startup.VersionLoggerListener.log 명령 행 아규먼트:  -Djava.util.logging.manager=org.apache.juli.ClassLoaderLogManager
09-Feb-2025 22:33:01.147 INFO [main] org.apache.catalina.startup.VersionLoggerListener.log 명령 행 아규먼트:  -javaagent:C:\Program Files\JetBrains\IntelliJ IDEA 2024.3.1\lib\idea_rt.jar=65058:C:\Program Files\JetBrains\IntelliJ IDEA 2024.3.1\bin
09-Feb-2025 22:33:01.147 INFO [main] org.apache.catalina.startup.VersionLoggerListener.log 명령 행 아규먼트:  -Dfile.encoding=UTF-8
09-Feb-2025 22:33:01.147 INFO [main] org.apache.catalina.startup.VersionLoggerListener.log 명령 행 아규먼트:  -Dsun.stdout.encoding=UTF-8
09-Feb-2025 22:33:01.147 INFO [main] org.apache.catalina.startup.VersionLoggerListener.log 명령 행 아규먼트:  -Dsun.stderr.encoding=UTF-8
09-Feb-2025 22:33:01.318 INFO [main] org.apache.catalina.core.AprLifecycleListener.lifecycleEvent APR 버전 [1.7.4]을(를) 사용한, APR 기반 Apache Tomcat Native 라이브러리 [1.3.1]을(를) 로드했습니다.
09-Feb-2025 22:33:01.319 INFO [main] org.apache.catalina.core.AprLifecycleListener.lifecycleEvent APR 용량정보들: IPv6 [true], sendfile [true], accept filters [false], random [true], UDS [true].
09-Feb-2025 22:33:01.319 INFO [main] org.apache.catalina.core.AprLifecycleListener.lifecycleEvent APR/OpenSSL 설정: useAprConnector [false], useOpenSSL [true]
09-Feb-2025 22:33:01.412 INFO [main] org.apache.catalina.core.AprLifecycleListener.initializeSSL OpenSSL이 성공적으로 초기화되었습니다: [OpenSSL 3.0.14 4 Jun 2024]
09-Feb-2025 22:33:01.721 INFO [main] org.apache.coyote.AbstractProtocol.init 프로토콜 핸들러 ["http-nio-8080"]을(를) 초기화합니다.
09-Feb-2025 22:33:01.740 INFO [main] org.apache.catalina.startup.Catalina.load [823] 밀리초 내에 서버가 초기화되었습니다.
09-Feb-2025 22:33:01.806 INFO [main] org.apache.catalina.core.StandardService.startInternal 서비스 [Catalina]을(를) 시작합니다.
09-Feb-2025 22:33:01.806 INFO [main] org.apache.catalina.core.StandardEngine.startInternal 서버 엔진을 시작합니다: [Apache Tomcat/9.0.98]
09-Feb-2025 22:33:01.815 INFO [main] org.apache.catalina.startup.HostConfig.deployDescriptor 배치 descriptor [C:\Mvc_Project_Manager\conf\Catalina\localhost\controller.xml]을(를) 배치합니다.
09-Feb-2025 22:33:03.988 INFO [main] org.apache.jasper.servlet.TldScanner.scanJars 적어도 하나의 JAR가 TLD들을 찾기 위해 스캔되었으나 아무 것도 찾지 못했습니다. 스캔했으나 TLD가 없는 JAR들의 전체 목록을 보시려면, 로그 레벨을 디버그 레벨로 설정하십시오. 스캔 과정에서 불필요한 JAR들을 건너뛰면, 시스템 시작 시간과 JSP 컴파일 시간을 단축시킬 수 있습니다.
09-Feb-2025 22:33:04.094 SEVERE [main] org.apache.catalina.startup.HostConfig.deployDescriptor 배치 descriptor [C:\Mvc_Project_Manager\conf\Catalina\localhost\controller.xml]을(를) 배치하는 중 오류 발생
	java.lang.IllegalStateException: 자식 컨테이너를 시작하는 중 오류 발생
		at org.apache.catalina.core.ContainerBase.addChildInternal(ContainerBase.java:602)
		at org.apache.catalina.core.ContainerBase.addChild(ContainerBase.java:571)
		at org.apache.catalina.core.StandardHost.addChild(StandardHost.java:603)
		at org.apache.catalina.startup.HostConfig.deployDescriptor(HostConfig.java:680)
		at org.apache.catalina.startup.HostConfig$DeployDescriptor.run(HostConfig.java:1844)
		at java.base/java.util.concurrent.Executors$RunnableAdapter.call(Executors.java:572)
		at java.base/java.util.concurrent.FutureTask.run(FutureTask.java:317)
		at org.apache.tomcat.util.threads.InlineExecutorService.execute(InlineExecutorService.java:75)
		at java.base/java.util.concurrent.AbstractExecutorService.submit(AbstractExecutorService.java:124)
		at org.apache.catalina.startup.HostConfig.deployDescriptors(HostConfig.java:575)
		at org.apache.catalina.startup.HostConfig.deployApps(HostConfig.java:466)
		at org.apache.catalina.startup.HostConfig.start(HostConfig.java:1584)
		at org.apache.catalina.startup.HostConfig.lifecycleEvent(HostConfig.java:312)
		at org.apache.catalina.util.LifecycleBase.fireLifecycleEvent(LifecycleBase.java:109)
		at org.apache.catalina.util.LifecycleBase.setStateInternal(LifecycleBase.java:389)
		at org.apache.catalina.util.LifecycleBase.setState(LifecycleBase.java:336)
		at org.apache.catalina.core.ContainerBase.startInternal(ContainerBase.java:776)
		at org.apache.catalina.core.StandardHost.startInternal(StandardHost.java:721)
		at org.apache.catalina.util.LifecycleBase.start(LifecycleBase.java:164)
		at org.apache.catalina.core.ContainerBase$StartChild.call(ContainerBase.java:1203)
		at org.apache.catalina.core.ContainerBase$StartChild.call(ContainerBase.java:1193)
		at java.base/java.util.concurrent.FutureTask.run(FutureTask.java:317)
		at org.apache.tomcat.util.threads.InlineExecutorService.execute(InlineExecutorService.java:75)
		at java.base/java.util.concurrent.AbstractExecutorService.submit(AbstractExecutorService.java:148)
		at org.apache.catalina.core.ContainerBase.startInternal(ContainerBase.java:749)
		at org.apache.catalina.core.StandardEngine.startInternal(StandardEngine.java:211)
		at org.apache.catalina.util.LifecycleBase.start(LifecycleBase.java:164)
		at org.apache.catalina.core.StandardService.startInternal(StandardService.java:415)
		at org.apache.catalina.util.LifecycleBase.start(LifecycleBase.java:164)
		at org.apache.catalina.core.StandardServer.startInternal(StandardServer.java:874)
		at org.apache.catalina.util.LifecycleBase.start(LifecycleBase.java:164)
		at org.apache.catalina.startup.Catalina.start(Catalina.java:739)
		at java.base/jdk.internal.reflect.DirectMethodHandleAccessor.invoke(DirectMethodHandleAccessor.java:103)
		at java.base/java.lang.reflect.Method.invoke(Method.java:580)
		at org.apache.catalina.startup.Bootstrap.start(Bootstrap.java:345)
		at org.apache.catalina.startup.Bootstrap.main(Bootstrap.java:473)
	Caused by: org.apache.catalina.LifecycleException: 구성요소 [StandardEngine[Catalina].StandardHost[localhost].StandardContext[/controller]]을(를) 시작하지 못했습니다.
		at org.apache.catalina.util.LifecycleBase.handleSubClassException(LifecycleBase.java:406)
		at org.apache.catalina.util.LifecycleBase.start(LifecycleBase.java:179)
		at org.apache.catalina.core.ContainerBase.addChildInternal(ContainerBase.java:599)
		... 35 more
	Caused by: java.lang.IllegalArgumentException: Failed to register servlet with name 'dispatcher'.Check if there is another servlet registered under the same name.
		at org.springframework.util.Assert.notNull(Assert.java:193)
		at org.springframework.web.servlet.support.AbstractDispatcherServletInitializer.registerDispatcherServlet(AbstractDispatcherServletInitializer.java:91)
		at org.springframework.web.servlet.support.AbstractDispatcherServletInitializer.onStartup(AbstractDispatcherServletInitializer.java:64)
		at org.springframework.web.SpringServletContainerInitializer.onStartup(SpringServletContainerInitializer.java:172)
		at org.apache.catalina.core.StandardContext.startInternal(StandardContext.java:4450)
		at org.apache.catalina.util.LifecycleBase.start(LifecycleBase.java:164)
		... 36 more
09-Feb-2025 22:33:04.100 INFO [main] org.apache.catalina.startup.HostConfig.deployDescriptor 배치 descriptor [C:\Mvc_Project_Manager\conf\Catalina\localhost\controller.xml]의 배치가 [2,283] 밀리초 내에 완료되었습니다.
09-Feb-2025 22:33:04.103 INFO [main] org.apache.coyote.AbstractProtocol.start 프로토콜 핸들러 ["http-nio-8080"]을(를) 시작합니다.
09-Feb-2025 22:33:04.132 INFO [main] org.apache.catalina.startup.Catalina.start 서버가 [2390] 밀리초 내에 시작되었습니다.
09-Feb-2025 22:59:11.765 INFO [Thread-1] org.apache.coyote.AbstractProtocol.pause 프로토콜 핸들러 ["http-nio-8080"]을(를) 일시 정지 중
09-Feb-2025 22:59:11.772 INFO [Thread-1] org.apache.catalina.core.StandardService.stopInternal 서비스 [Catalina]을(를) 중지시킵니다.
09-Feb-2025 22:59:11.774 INFO [Thread-1] org.apache.coyote.AbstractProtocol.stop 프로토콜 핸들러 ["http-nio-8080"]을(를) 중지시킵니다.
09-Feb-2025 22:59:11.778 INFO [Thread-1] org.apache.coyote.AbstractProtocol.destroy 프로토콜 핸들러 ["http-nio-8080"]을(를) 소멸시킵니다.
09-Feb-2025 23:05:29.795 INFO [main] org.apache.catalina.startup.VersionLoggerListener.log 서버 버전 이름:    Apache Tomcat/9.0.98
09-Feb-2025 23:05:29.800 INFO [main] org.apache.catalina.startup.VersionLoggerListener.log Server 빌드 시각:  Dec 5 2024 19:50:29 UTC
09-Feb-2025 23:05:29.800 INFO [main] org.apache.catalina.startup.VersionLoggerListener.log Server 버전 번호:  9.0.98.0
09-Feb-2025 23:05:29.800 INFO [main] org.apache.catalina.startup.VersionLoggerListener.log 운영체제 이름:     Windows 11
09-Feb-2025 23:05:29.801 INFO [main] org.apache.catalina.startup.VersionLoggerListener.log 운영체제 버전:     10.0
09-Feb-2025 23:05:29.801 INFO [main] org.apache.catalina.startup.VersionLoggerListener.log 아키텍처:          amd64
09-Feb-2025 23:05:29.801 INFO [main] org.apache.catalina.startup.VersionLoggerListener.log 자바 홈:           C:\Program Files\Java\jdk-23
09-Feb-2025 23:05:29.801 INFO [main] org.apache.catalina.startup.VersionLoggerListener.log JVM 버전:          23.0.1+11-39
09-Feb-2025 23:05:29.801 INFO [main] org.apache.catalina.startup.VersionLoggerListener.log JVM 벤더:          Oracle Corporation
09-Feb-2025 23:05:29.801 INFO [main] org.apache.catalina.startup.VersionLoggerListener.log CATALINA_BASE:     C:\Mvc_Project_Manager
09-Feb-2025 23:05:29.801 INFO [main] org.apache.catalina.startup.VersionLoggerListener.log CATALINA_HOME:     C:\Users\apache-tomcat-9.0.98
09-Feb-2025 23:05:29.811 INFO [main] org.apache.catalina.startup.VersionLoggerListener.log 명령 행 아규먼트:  --add-opens=java.base/java.lang=ALL-UNNAMED
09-Feb-2025 23:05:29.811 INFO [main] org.apache.catalina.startup.VersionLoggerListener.log 명령 행 아규먼트:  --add-opens=java.base/java.io=ALL-UNNAMED
09-Feb-2025 23:05:29.811 INFO [main] org.apache.catalina.startup.VersionLoggerListener.log 명령 행 아규먼트:  --add-opens=java.base/java.util=ALL-UNNAMED
09-Feb-2025 23:05:29.811 INFO [main] org.apache.catalina.startup.VersionLoggerListener.log 명령 행 아규먼트:  --add-opens=java.base/java.util.concurrent=ALL-UNNAMED
09-Feb-2025 23:05:29.811 INFO [main] org.apache.catalina.startup.VersionLoggerListener.log 명령 행 아규먼트:  --add-opens=java.rmi/sun.rmi.transport=ALL-UNNAMED
09-Feb-2025 23:05:29.811 INFO [main] org.apache.catalina.startup.VersionLoggerListener.log 명령 행 아규먼트:  -Dcatalina.home=C:\Users\apache-tomcat-9.0.98
09-Feb-2025 23:05:29.811 INFO [main] org.apache.catalina.startup.VersionLoggerListener.log 명령 행 아규먼트:  -Dcatalina.base=C:\Mvc_Project_Manager
09-Feb-2025 23:05:29.813 INFO [main] org.apache.catalina.startup.VersionLoggerListener.log 명령 행 아규먼트:  -Djava.io.tmpdir=C:\Mvc_Project_Manager\temp
09-Feb-2025 23:05:29.813 INFO [main] org.apache.catalina.startup.VersionLoggerListener.log 명령 행 아규먼트:  -Djava.util.logging.config.file=C:\Mvc_Project_Manager\conf\logging.properties
09-Feb-2025 23:05:29.813 INFO [main] org.apache.catalina.startup.VersionLoggerListener.log 명령 행 아규먼트:  -Djava.util.logging.manager=org.apache.juli.ClassLoaderLogManager
09-Feb-2025 23:05:29.813 INFO [main] org.apache.catalina.startup.VersionLoggerListener.log 명령 행 아규먼트:  -javaagent:C:\Program Files\JetBrains\IntelliJ IDEA 2024.3.1\lib\idea_rt.jar=52997:C:\Program Files\JetBrains\IntelliJ IDEA 2024.3.1\bin
09-Feb-2025 23:05:29.814 INFO [main] org.apache.catalina.startup.VersionLoggerListener.log 명령 행 아규먼트:  -Dfile.encoding=UTF-8
09-Feb-2025 23:05:29.814 INFO [main] org.apache.catalina.startup.VersionLoggerListener.log 명령 행 아규먼트:  -Dsun.stdout.encoding=UTF-8
09-Feb-2025 23:05:29.814 INFO [main] org.apache.catalina.startup.VersionLoggerListener.log 명령 행 아규먼트:  -Dsun.stderr.encoding=UTF-8
09-Feb-2025 23:05:29.827 INFO [main] org.apache.catalina.core.AprLifecycleListener.lifecycleEvent APR 버전 [1.7.4]을(를) 사용한, APR 기반 Apache Tomcat Native 라이브러리 [1.3.1]을(를) 로드했습니다.
09-Feb-2025 23:05:29.827 INFO [main] org.apache.catalina.core.AprLifecycleListener.lifecycleEvent APR 용량정보들: IPv6 [true], sendfile [true], accept filters [false], random [true], UDS [true].
09-Feb-2025 23:05:29.827 INFO [main] org.apache.catalina.core.AprLifecycleListener.lifecycleEvent APR/OpenSSL 설정: useAprConnector [false], useOpenSSL [true]
09-Feb-2025 23:05:29.842 INFO [main] org.apache.catalina.core.AprLifecycleListener.initializeSSL OpenSSL이 성공적으로 초기화되었습니다: [OpenSSL 3.0.14 4 Jun 2024]
09-Feb-2025 23:05:30.204 INFO [main] org.apache.coyote.AbstractProtocol.init 프로토콜 핸들러 ["http-nio-8080"]을(를) 초기화합니다.
09-Feb-2025 23:05:30.222 INFO [main] org.apache.catalina.startup.Catalina.load [673] 밀리초 내에 서버가 초기화되었습니다.
09-Feb-2025 23:05:30.279 INFO [main] org.apache.catalina.core.StandardService.startInternal 서비스 [Catalina]을(를) 시작합니다.
09-Feb-2025 23:05:30.279 INFO [main] org.apache.catalina.core.StandardEngine.startInternal 서버 엔진을 시작합니다: [Apache Tomcat/9.0.98]
09-Feb-2025 23:05:30.288 INFO [main] org.apache.catalina.startup.HostConfig.deployDescriptor 배치 descriptor [C:\Mvc_Project_Manager\conf\Catalina\localhost\controller.xml]을(를) 배치합니다.
09-Feb-2025 23:05:32.161 INFO [main] org.apache.jasper.servlet.TldScanner.scanJars 적어도 하나의 JAR가 TLD들을 찾기 위해 스캔되었으나 아무 것도 찾지 못했습니다. 스캔했으나 TLD가 없는 JAR들의 전체 목록을 보시려면, 로그 레벨을 디버그 레벨로 설정하십시오. 스캔 과정에서 불필요한 JAR들을 건너뛰면, 시스템 시작 시간과 JSP 컴파일 시간을 단축시킬 수 있습니다.
09-Feb-2025 23:05:32.265 SEVERE [main] org.apache.catalina.startup.HostConfig.deployDescriptor 배치 descriptor [C:\Mvc_Project_Manager\conf\Catalina\localhost\controller.xml]을(를) 배치하는 중 오류 발생
	java.lang.IllegalStateException: 자식 컨테이너를 시작하는 중 오류 발생
		at org.apache.catalina.core.ContainerBase.addChildInternal(ContainerBase.java:602)
		at org.apache.catalina.core.ContainerBase.addChild(ContainerBase.java:571)
		at org.apache.catalina.core.StandardHost.addChild(StandardHost.java:603)
		at org.apache.catalina.startup.HostConfig.deployDescriptor(HostConfig.java:680)
		at org.apache.catalina.startup.HostConfig$DeployDescriptor.run(HostConfig.java:1844)
		at java.base/java.util.concurrent.Executors$RunnableAdapter.call(Executors.java:572)
		at java.base/java.util.concurrent.FutureTask.run(FutureTask.java:317)
		at org.apache.tomcat.util.threads.InlineExecutorService.execute(InlineExecutorService.java:75)
		at java.base/java.util.concurrent.AbstractExecutorService.submit(AbstractExecutorService.java:124)
		at org.apache.catalina.startup.HostConfig.deployDescriptors(HostConfig.java:575)
		at org.apache.catalina.startup.HostConfig.deployApps(HostConfig.java:466)
		at org.apache.catalina.startup.HostConfig.start(HostConfig.java:1584)
		at org.apache.catalina.startup.HostConfig.lifecycleEvent(HostConfig.java:312)
		at org.apache.catalina.util.LifecycleBase.fireLifecycleEvent(LifecycleBase.java:109)
		at org.apache.catalina.util.LifecycleBase.setStateInternal(LifecycleBase.java:389)
		at org.apache.catalina.util.LifecycleBase.setState(LifecycleBase.java:336)
		at org.apache.catalina.core.ContainerBase.startInternal(ContainerBase.java:776)
		at org.apache.catalina.core.StandardHost.startInternal(StandardHost.java:721)
		at org.apache.catalina.util.LifecycleBase.start(LifecycleBase.java:164)
		at org.apache.catalina.core.ContainerBase$StartChild.call(ContainerBase.java:1203)
		at org.apache.catalina.core.ContainerBase$StartChild.call(ContainerBase.java:1193)
		at java.base/java.util.concurrent.FutureTask.run(FutureTask.java:317)
		at org.apache.tomcat.util.threads.InlineExecutorService.execute(InlineExecutorService.java:75)
		at java.base/java.util.concurrent.AbstractExecutorService.submit(AbstractExecutorService.java:148)
		at org.apache.catalina.core.ContainerBase.startInternal(ContainerBase.java:749)
		at org.apache.catalina.core.StandardEngine.startInternal(StandardEngine.java:211)
		at org.apache.catalina.util.LifecycleBase.start(LifecycleBase.java:164)
		at org.apache.catalina.core.StandardService.startInternal(StandardService.java:415)
		at org.apache.catalina.util.LifecycleBase.start(LifecycleBase.java:164)
		at org.apache.catalina.core.StandardServer.startInternal(StandardServer.java:874)
		at org.apache.catalina.util.LifecycleBase.start(LifecycleBase.java:164)
		at org.apache.catalina.startup.Catalina.start(Catalina.java:739)
		at java.base/jdk.internal.reflect.DirectMethodHandleAccessor.invoke(DirectMethodHandleAccessor.java:103)
		at java.base/java.lang.reflect.Method.invoke(Method.java:580)
		at org.apache.catalina.startup.Bootstrap.start(Bootstrap.java:345)
		at org.apache.catalina.startup.Bootstrap.main(Bootstrap.java:473)
	Caused by: org.apache.catalina.LifecycleException: 구성요소 [StandardEngine[Catalina].StandardHost[localhost].StandardContext[/controller]]을(를) 시작하지 못했습니다.
		at org.apache.catalina.util.LifecycleBase.handleSubClassException(LifecycleBase.java:406)
		at org.apache.catalina.util.LifecycleBase.start(LifecycleBase.java:179)
		at org.apache.catalina.core.ContainerBase.addChildInternal(ContainerBase.java:599)
		... 35 more
	Caused by: java.lang.IllegalArgumentException: Failed to register servlet with name 'dispatcher'.Check if there is another servlet registered under the same name.
		at org.springframework.util.Assert.notNull(Assert.java:193)
		at org.springframework.web.servlet.support.AbstractDispatcherServletInitializer.registerDispatcherServlet(AbstractDispatcherServletInitializer.java:91)
		at org.springframework.web.servlet.support.AbstractDispatcherServletInitializer.onStartup(AbstractDispatcherServletInitializer.java:64)
		at org.springframework.web.SpringServletContainerInitializer.onStartup(SpringServletContainerInitializer.java:172)
		at org.apache.catalina.core.StandardContext.startInternal(StandardContext.java:4450)
		at org.apache.catalina.util.LifecycleBase.start(LifecycleBase.java:164)
		... 36 more
09-Feb-2025 23:05:32.270 INFO [main] org.apache.catalina.startup.HostConfig.deployDescriptor 배치 descriptor [C:\Mvc_Project_Manager\conf\Catalina\localhost\controller.xml]의 배치가 [1,979] 밀리초 내에 완료되었습니다.
09-Feb-2025 23:05:32.273 INFO [main] org.apache.coyote.AbstractProtocol.start 프로토콜 핸들러 ["http-nio-8080"]을(를) 시작합니다.
09-Feb-2025 23:05:32.296 INFO [main] org.apache.catalina.startup.Catalina.start 서버가 [2072] 밀리초 내에 시작되었습니다.
09-Feb-2025 23:06:42.344 INFO [Catalina-utility-1] org.apache.catalina.startup.HostConfig.reload 컨텍스트 [/controller]을(를) 다시 로드합니다.
09-Feb-2025 23:06:42.415 INFO [Thread-1] org.apache.coyote.AbstractProtocol.pause 프로토콜 핸들러 ["http-nio-8080"]을(를) 일시 정지 중
09-Feb-2025 23:06:42.421 INFO [Thread-1] org.apache.catalina.core.StandardService.stopInternal 서비스 [Catalina]을(를) 중지시킵니다.
09-Feb-2025 23:06:43.608 INFO [Catalina-utility-1] org.apache.jasper.servlet.TldScanner.scanJars 적어도 하나의 JAR가 TLD들을 찾기 위해 스캔되었으나 아무 것도 찾지 못했습니다. 스캔했으나 TLD가 없는 JAR들의 전체 목록을 보시려면, 로그 레벨을 디버그 레벨로 설정하십시오. 스캔 과정에서 불필요한 JAR들을 건너뛰면, 시스템 시작 시간과 JSP 컴파일 시간을 단축시킬 수 있습니다.
09-Feb-2025 23:06:45.130 INFO [Thread-1] org.apache.coyote.AbstractProtocol.stop 프로토콜 핸들러 ["http-nio-8080"]을(를) 중지시킵니다.
09-Feb-2025 23:06:45.134 INFO [Thread-1] org.apache.coyote.AbstractProtocol.destroy 프로토콜 핸들러 ["http-nio-8080"]을(를) 소멸시킵니다.
09-Feb-2025 23:06:47.820 INFO [main] org.apache.catalina.startup.VersionLoggerListener.log 서버 버전 이름:    Apache Tomcat/9.0.98
09-Feb-2025 23:06:47.823 INFO [main] org.apache.catalina.startup.VersionLoggerListener.log Server 빌드 시각:  Dec 5 2024 19:50:29 UTC
09-Feb-2025 23:06:47.823 INFO [main] org.apache.catalina.startup.VersionLoggerListener.log Server 버전 번호:  9.0.98.0
09-Feb-2025 23:06:47.824 INFO [main] org.apache.catalina.startup.VersionLoggerListener.log 운영체제 이름:     Windows 11
09-Feb-2025 23:06:47.824 INFO [main] org.apache.catalina.startup.VersionLoggerListener.log 운영체제 버전:     10.0
09-Feb-2025 23:06:47.824 INFO [main] org.apache.catalina.startup.VersionLoggerListener.log 아키텍처:          amd64
09-Feb-2025 23:06:47.824 INFO [main] org.apache.catalina.startup.VersionLoggerListener.log 자바 홈:           C:\Program Files\Java\jdk-23
09-Feb-2025 23:06:47.824 INFO [main] org.apache.catalina.startup.VersionLoggerListener.log JVM 버전:          23.0.1+11-39
09-Feb-2025 23:06:47.824 INFO [main] org.apache.catalina.startup.VersionLoggerListener.log JVM 벤더:          Oracle Corporation
09-Feb-2025 23:06:47.824 INFO [main] org.apache.catalina.startup.VersionLoggerListener.log CATALINA_BASE:     C:\Mvc_Project_Manager
09-Feb-2025 23:06:47.824 INFO [main] org.apache.catalina.startup.VersionLoggerListener.log CATALINA_HOME:     C:\Users\apache-tomcat-9.0.98
09-Feb-2025 23:06:47.831 INFO [main] org.apache.catalina.startup.VersionLoggerListener.log 명령 행 아규먼트:  --add-opens=java.base/java.lang=ALL-UNNAMED
09-Feb-2025 23:06:47.831 INFO [main] org.apache.catalina.startup.VersionLoggerListener.log 명령 행 아규먼트:  --add-opens=java.base/java.io=ALL-UNNAMED
09-Feb-2025 23:06:47.831 INFO [main] org.apache.catalina.startup.VersionLoggerListener.log 명령 행 아규먼트:  --add-opens=java.base/java.util=ALL-UNNAMED
09-Feb-2025 23:06:47.831 INFO [main] org.apache.catalina.startup.VersionLoggerListener.log 명령 행 아규먼트:  --add-opens=java.base/java.util.concurrent=ALL-UNNAMED
09-Feb-2025 23:06:47.831 INFO [main] org.apache.catalina.startup.VersionLoggerListener.log 명령 행 아규먼트:  --add-opens=java.rmi/sun.rmi.transport=ALL-UNNAMED
09-Feb-2025 23:06:47.831 INFO [main] org.apache.catalina.startup.VersionLoggerListener.log 명령 행 아규먼트:  -Dcatalina.home=C:\Users\apache-tomcat-9.0.98
09-Feb-2025 23:06:47.833 INFO [main] org.apache.catalina.startup.VersionLoggerListener.log 명령 행 아규먼트:  -Dcatalina.base=C:\Mvc_Project_Manager
09-Feb-2025 23:06:47.833 INFO [main] org.apache.catalina.startup.VersionLoggerListener.log 명령 행 아규먼트:  -Djava.io.tmpdir=C:\Mvc_Project_Manager\temp
09-Feb-2025 23:06:47.833 INFO [main] org.apache.catalina.startup.VersionLoggerListener.log 명령 행 아규먼트:  -Djava.util.logging.config.file=C:\Mvc_Project_Manager\conf\logging.properties
09-Feb-2025 23:06:47.833 INFO [main] org.apache.catalina.startup.VersionLoggerListener.log 명령 행 아규먼트:  -Djava.util.logging.manager=org.apache.juli.ClassLoaderLogManager
09-Feb-2025 23:06:47.833 INFO [main] org.apache.catalina.startup.VersionLoggerListener.log 명령 행 아규먼트:  -javaagent:C:\Program Files\JetBrains\IntelliJ IDEA 2024.3.1\lib\idea_rt.jar=53025:C:\Program Files\JetBrains\IntelliJ IDEA 2024.3.1\bin
09-Feb-2025 23:06:47.833 INFO [main] org.apache.catalina.startup.VersionLoggerListener.log 명령 행 아규먼트:  -Dfile.encoding=UTF-8
09-Feb-2025 23:06:47.833 INFO [main] org.apache.catalina.startup.VersionLoggerListener.log 명령 행 아규먼트:  -Dsun.stdout.encoding=UTF-8
09-Feb-2025 23:06:47.833 INFO [main] org.apache.catalina.startup.VersionLoggerListener.log 명령 행 아규먼트:  -Dsun.stderr.encoding=UTF-8
09-Feb-2025 23:06:47.838 INFO [main] org.apache.catalina.core.AprLifecycleListener.lifecycleEvent APR 버전 [1.7.4]을(를) 사용한, APR 기반 Apache Tomcat Native 라이브러리 [1.3.1]을(를) 로드했습니다.
09-Feb-2025 23:06:47.838 INFO [main] org.apache.catalina.core.AprLifecycleListener.lifecycleEvent APR 용량정보들: IPv6 [true], sendfile [true], accept filters [false], random [true], UDS [true].
09-Feb-2025 23:06:47.838 INFO [main] org.apache.catalina.core.AprLifecycleListener.lifecycleEvent APR/OpenSSL 설정: useAprConnector [false], useOpenSSL [true]
09-Feb-2025 23:06:47.843 INFO [main] org.apache.catalina.core.AprLifecycleListener.initializeSSL OpenSSL이 성공적으로 초기화되었습니다: [OpenSSL 3.0.14 4 Jun 2024]
09-Feb-2025 23:06:48.196 INFO [main] org.apache.coyote.AbstractProtocol.init 프로토콜 핸들러 ["http-nio-8080"]을(를) 초기화합니다.
09-Feb-2025 23:06:48.212 INFO [main] org.apache.catalina.startup.Catalina.load [594] 밀리초 내에 서버가 초기화되었습니다.
09-Feb-2025 23:06:48.264 INFO [main] org.apache.catalina.core.StandardService.startInternal 서비스 [Catalina]을(를) 시작합니다.
09-Feb-2025 23:06:48.264 INFO [main] org.apache.catalina.core.StandardEngine.startInternal 서버 엔진을 시작합니다: [Apache Tomcat/9.0.98]
09-Feb-2025 23:06:48.273 INFO [main] org.apache.catalina.startup.HostConfig.deployDescriptor 배치 descriptor [C:\Mvc_Project_Manager\conf\Catalina\localhost\controller.xml]을(를) 배치합니다.
09-Feb-2025 23:06:49.996 INFO [main] org.apache.jasper.servlet.TldScanner.scanJars 적어도 하나의 JAR가 TLD들을 찾기 위해 스캔되었으나 아무 것도 찾지 못했습니다. 스캔했으나 TLD가 없는 JAR들의 전체 목록을 보시려면, 로그 레벨을 디버그 레벨로 설정하십시오. 스캔 과정에서 불필요한 JAR들을 건너뛰면, 시스템 시작 시간과 JSP 컴파일 시간을 단축시킬 수 있습니다.
09-Feb-2025 23:06:51.542 INFO [main] org.apache.catalina.startup.HostConfig.deployDescriptor 배치 descriptor [C:\Mvc_Project_Manager\conf\Catalina\localhost\controller.xml]의 배치가 [3,265] 밀리초 내에 완료되었습니다.
09-Feb-2025 23:06:51.546 INFO [main] org.apache.coyote.AbstractProtocol.start 프로토콜 핸들러 ["http-nio-8080"]을(를) 시작합니다.
09-Feb-2025 23:06:51.575 INFO [main] org.apache.catalina.startup.Catalina.start 서버가 [3361] 밀리초 내에 시작되었습니다.
09-Feb-2025 23:08:14.768 INFO [Thread-1] org.apache.coyote.AbstractProtocol.pause 프로토콜 핸들러 ["http-nio-8080"]을(를) 일시 정지 중
09-Feb-2025 23:08:14.774 INFO [Thread-1] org.apache.catalina.core.StandardService.stopInternal 서비스 [Catalina]을(를) 중지시킵니다.
09-Feb-2025 23:08:14.789 INFO [Thread-1] org.apache.coyote.AbstractProtocol.stop 프로토콜 핸들러 ["http-nio-8080"]을(를) 중지시킵니다.
09-Feb-2025 23:08:14.798 INFO [Thread-1] org.apache.coyote.AbstractProtocol.destroy 프로토콜 핸들러 ["http-nio-8080"]을(를) 소멸시킵니다.
09-Feb-2025 23:08:17.586 INFO [main] org.apache.catalina.startup.VersionLoggerListener.log 서버 버전 이름:    Apache Tomcat/9.0.98
09-Feb-2025 23:08:17.589 INFO [main] org.apache.catalina.startup.VersionLoggerListener.log Server 빌드 시각:  Dec 5 2024 19:50:29 UTC
09-Feb-2025 23:08:17.591 INFO [main] org.apache.catalina.startup.VersionLoggerListener.log Server 버전 번호:  9.0.98.0
09-Feb-2025 23:08:17.591 INFO [main] org.apache.catalina.startup.VersionLoggerListener.log 운영체제 이름:     Windows 11
09-Feb-2025 23:08:17.591 INFO [main] org.apache.catalina.startup.VersionLoggerListener.log 운영체제 버전:     10.0
09-Feb-2025 23:08:17.591 INFO [main] org.apache.catalina.startup.VersionLoggerListener.log 아키텍처:          amd64
09-Feb-2025 23:08:17.591 INFO [main] org.apache.catalina.startup.VersionLoggerListener.log 자바 홈:           C:\Program Files\Java\jdk-23
09-Feb-2025 23:08:17.591 INFO [main] org.apache.catalina.startup.VersionLoggerListener.log JVM 버전:          23.0.1+11-39
09-Feb-2025 23:08:17.591 INFO [main] org.apache.catalina.startup.VersionLoggerListener.log JVM 벤더:          Oracle Corporation
09-Feb-2025 23:08:17.591 INFO [main] org.apache.catalina.startup.VersionLoggerListener.log CATALINA_BASE:     C:\Mvc_Project_Manager
09-Feb-2025 23:08:17.591 INFO [main] org.apache.catalina.startup.VersionLoggerListener.log CATALINA_HOME:     C:\Users\apache-tomcat-9.0.98
09-Feb-2025 23:08:17.598 INFO [main] org.apache.catalina.startup.VersionLoggerListener.log 명령 행 아규먼트:  --add-opens=java.base/java.lang=ALL-UNNAMED
09-Feb-2025 23:08:17.599 INFO [main] org.apache.catalina.startup.VersionLoggerListener.log 명령 행 아규먼트:  --add-opens=java.base/java.io=ALL-UNNAMED
09-Feb-2025 23:08:17.599 INFO [main] org.apache.catalina.startup.VersionLoggerListener.log 명령 행 아규먼트:  --add-opens=java.base/java.util=ALL-UNNAMED
09-Feb-2025 23:08:17.599 INFO [main] org.apache.catalina.startup.VersionLoggerListener.log 명령 행 아규먼트:  --add-opens=java.base/java.util.concurrent=ALL-UNNAMED
09-Feb-2025 23:08:17.599 INFO [main] org.apache.catalina.startup.VersionLoggerListener.log 명령 행 아규먼트:  --add-opens=java.rmi/sun.rmi.transport=ALL-UNNAMED
09-Feb-2025 23:08:17.599 INFO [main] org.apache.catalina.startup.VersionLoggerListener.log 명령 행 아규먼트:  -Dcatalina.home=C:\Users\apache-tomcat-9.0.98
09-Feb-2025 23:08:17.599 INFO [main] org.apache.catalina.startup.VersionLoggerListener.log 명령 행 아규먼트:  -Dcatalina.base=C:\Mvc_Project_Manager
09-Feb-2025 23:08:17.599 INFO [main] org.apache.catalina.startup.VersionLoggerListener.log 명령 행 아규먼트:  -Djava.io.tmpdir=C:\Mvc_Project_Manager\temp
09-Feb-2025 23:08:17.599 INFO [main] org.apache.catalina.startup.VersionLoggerListener.log 명령 행 아규먼트:  -Djava.util.logging.config.file=C:\Mvc_Project_Manager\conf\logging.properties
09-Feb-2025 23:08:17.599 INFO [main] org.apache.catalina.startup.VersionLoggerListener.log 명령 행 아규먼트:  -Djava.util.logging.manager=org.apache.juli.ClassLoaderLogManager
09-Feb-2025 23:08:17.601 INFO [main] org.apache.catalina.startup.VersionLoggerListener.log 명령 행 아규먼트:  -javaagent:C:\Program Files\JetBrains\IntelliJ IDEA 2024.3.1\lib\idea_rt.jar=53055:C:\Program Files\JetBrains\IntelliJ IDEA 2024.3.1\bin
09-Feb-2025 23:08:17.601 INFO [main] org.apache.catalina.startup.VersionLoggerListener.log 명령 행 아규먼트:  -Dfile.encoding=UTF-8
09-Feb-2025 23:08:17.601 INFO [main] org.apache.catalina.startup.VersionLoggerListener.log 명령 행 아규먼트:  -Dsun.stdout.encoding=UTF-8
09-Feb-2025 23:08:17.601 INFO [main] org.apache.catalina.startup.VersionLoggerListener.log 명령 행 아규먼트:  -Dsun.stderr.encoding=UTF-8
09-Feb-2025 23:08:17.604 INFO [main] org.apache.catalina.core.AprLifecycleListener.lifecycleEvent APR 버전 [1.7.4]을(를) 사용한, APR 기반 Apache Tomcat Native 라이브러리 [1.3.1]을(를) 로드했습니다.
09-Feb-2025 23:08:17.605 INFO [main] org.apache.catalina.core.AprLifecycleListener.lifecycleEvent APR 용량정보들: IPv6 [true], sendfile [true], accept filters [false], random [true], UDS [true].
09-Feb-2025 23:08:17.605 INFO [main] org.apache.catalina.core.AprLifecycleListener.lifecycleEvent APR/OpenSSL 설정: useAprConnector [false], useOpenSSL [true]
09-Feb-2025 23:08:17.610 INFO [main] org.apache.catalina.core.AprLifecycleListener.initializeSSL OpenSSL이 성공적으로 초기화되었습니다: [OpenSSL 3.0.14 4 Jun 2024]
09-Feb-2025 23:08:17.969 INFO [main] org.apache.coyote.AbstractProtocol.init 프로토콜 핸들러 ["http-nio-8080"]을(를) 초기화합니다.
09-Feb-2025 23:08:17.986 INFO [main] org.apache.catalina.startup.Catalina.load [599] 밀리초 내에 서버가 초기화되었습니다.
09-Feb-2025 23:08:18.034 INFO [main] org.apache.catalina.core.StandardService.startInternal 서비스 [Catalina]을(를) 시작합니다.
09-Feb-2025 23:08:18.034 INFO [main] org.apache.catalina.core.StandardEngine.startInternal 서버 엔진을 시작합니다: [Apache Tomcat/9.0.98]
09-Feb-2025 23:08:18.043 INFO [main] org.apache.catalina.startup.HostConfig.deployDescriptor 배치 descriptor [C:\Mvc_Project_Manager\conf\Catalina\localhost\controller.xml]을(를) 배치합니다.
09-Feb-2025 23:08:19.735 INFO [main] org.apache.jasper.servlet.TldScanner.scanJars 적어도 하나의 JAR가 TLD들을 찾기 위해 스캔되었으나 아무 것도 찾지 못했습니다. 스캔했으나 TLD가 없는 JAR들의 전체 목록을 보시려면, 로그 레벨을 디버그 레벨로 설정하십시오. 스캔 과정에서 불필요한 JAR들을 건너뛰면, 시스템 시작 시간과 JSP 컴파일 시간을 단축시킬 수 있습니다.
09-Feb-2025 23:08:21.277 INFO [main] org.apache.catalina.startup.HostConfig.deployDescriptor 배치 descriptor [C:\Mvc_Project_Manager\conf\Catalina\localhost\controller.xml]의 배치가 [3,232] 밀리초 내에 완료되었습니다.
09-Feb-2025 23:08:21.282 INFO [main] org.apache.coyote.AbstractProtocol.start 프로토콜 핸들러 ["http-nio-8080"]을(를) 시작합니다.
09-Feb-2025 23:08:21.310 INFO [main] org.apache.catalina.startup.Catalina.start 서버가 [3322] 밀리초 내에 시작되었습니다.
09-Feb-2025 23:10:10.637 INFO [Thread-1] org.apache.coyote.AbstractProtocol.pause 프로토콜 핸들러 ["http-nio-8080"]을(를) 일시 정지 중
09-Feb-2025 23:10:10.644 INFO [Thread-1] org.apache.catalina.core.StandardService.stopInternal 서비스 [Catalina]을(를) 중지시킵니다.
09-Feb-2025 23:10:10.662 INFO [Thread-1] org.apache.coyote.AbstractProtocol.stop 프로토콜 핸들러 ["http-nio-8080"]을(를) 중지시킵니다.
09-Feb-2025 23:10:10.679 INFO [Thread-1] org.apache.coyote.AbstractProtocol.destroy 프로토콜 핸들러 ["http-nio-8080"]을(를) 소멸시킵니다.
09-Feb-2025 23:10:15.050 INFO [main] org.apache.catalina.startup.VersionLoggerListener.log 서버 버전 이름:    Apache Tomcat/9.0.98
09-Feb-2025 23:10:15.053 INFO [main] org.apache.catalina.startup.VersionLoggerListener.log Server 빌드 시각:  Dec 5 2024 19:50:29 UTC
09-Feb-2025 23:10:15.053 INFO [main] org.apache.catalina.startup.VersionLoggerListener.log Server 버전 번호:  9.0.98.0
09-Feb-2025 23:10:15.053 INFO [main] org.apache.catalina.startup.VersionLoggerListener.log 운영체제 이름:     Windows 11
09-Feb-2025 23:10:15.053 INFO [main] org.apache.catalina.startup.VersionLoggerListener.log 운영체제 버전:     10.0
09-Feb-2025 23:10:15.054 INFO [main] org.apache.catalina.startup.VersionLoggerListener.log 아키텍처:          amd64
09-Feb-2025 23:10:15.054 INFO [main] org.apache.catalina.startup.VersionLoggerListener.log 자바 홈:           C:\Program Files\Java\jdk-23
09-Feb-2025 23:10:15.054 INFO [main] org.apache.catalina.startup.VersionLoggerListener.log JVM 버전:          23.0.1+11-39
09-Feb-2025 23:10:15.054 INFO [main] org.apache.catalina.startup.VersionLoggerListener.log JVM 벤더:          Oracle Corporation
09-Feb-2025 23:10:15.054 INFO [main] org.apache.catalina.startup.VersionLoggerListener.log CATALINA_BASE:     C:\Mvc_Project_Manager
09-Feb-2025 23:10:15.054 INFO [main] org.apache.catalina.startup.VersionLoggerListener.log CATALINA_HOME:     C:\Users\apache-tomcat-9.0.98
09-Feb-2025 23:10:15.062 INFO [main] org.apache.catalina.startup.VersionLoggerListener.log 명령 행 아규먼트:  --add-opens=java.base/java.lang=ALL-UNNAMED
09-Feb-2025 23:10:15.062 INFO [main] org.apache.catalina.startup.VersionLoggerListener.log 명령 행 아규먼트:  --add-opens=java.base/java.io=ALL-UNNAMED
09-Feb-2025 23:10:15.062 INFO [main] org.apache.catalina.startup.VersionLoggerListener.log 명령 행 아규먼트:  --add-opens=java.base/java.util=ALL-UNNAMED
09-Feb-2025 23:10:15.062 INFO [main] org.apache.catalina.startup.VersionLoggerListener.log 명령 행 아규먼트:  --add-opens=java.base/java.util.concurrent=ALL-UNNAMED
09-Feb-2025 23:10:15.062 INFO [main] org.apache.catalina.startup.VersionLoggerListener.log 명령 행 아규먼트:  --add-opens=java.rmi/sun.rmi.transport=ALL-UNNAMED
09-Feb-2025 23:10:15.062 INFO [main] org.apache.catalina.startup.VersionLoggerListener.log 명령 행 아규먼트:  -Dcatalina.home=C:\Users\apache-tomcat-9.0.98
09-Feb-2025 23:10:15.062 INFO [main] org.apache.catalina.startup.VersionLoggerListener.log 명령 행 아규먼트:  -Dcatalina.base=C:\Mvc_Project_Manager
09-Feb-2025 23:10:15.062 INFO [main] org.apache.catalina.startup.VersionLoggerListener.log 명령 행 아규먼트:  -Djava.io.tmpdir=C:\Mvc_Project_Manager\temp
09-Feb-2025 23:10:15.063 INFO [main] org.apache.catalina.startup.VersionLoggerListener.log 명령 행 아규먼트:  -Djava.util.logging.config.file=C:\Mvc_Project_Manager\conf\logging.properties
09-Feb-2025 23:10:15.063 INFO [main] org.apache.catalina.startup.VersionLoggerListener.log 명령 행 아규먼트:  -Djava.util.logging.manager=org.apache.juli.ClassLoaderLogManager
09-Feb-2025 23:10:15.063 INFO [main] org.apache.catalina.startup.VersionLoggerListener.log 명령 행 아규먼트:  -javaagent:C:\Program Files\JetBrains\IntelliJ IDEA 2024.3.1\lib\idea_rt.jar=53124:C:\Program Files\JetBrains\IntelliJ IDEA 2024.3.1\bin
09-Feb-2025 23:10:15.063 INFO [main] org.apache.catalina.startup.VersionLoggerListener.log 명령 행 아규먼트:  -Dfile.encoding=UTF-8
09-Feb-2025 23:10:15.063 INFO [main] org.apache.catalina.startup.VersionLoggerListener.log 명령 행 아규먼트:  -Dsun.stdout.encoding=UTF-8
09-Feb-2025 23:10:15.063 INFO [main] org.apache.catalina.startup.VersionLoggerListener.log 명령 행 아규먼트:  -Dsun.stderr.encoding=UTF-8
09-Feb-2025 23:10:15.066 INFO [main] org.apache.catalina.core.AprLifecycleListener.lifecycleEvent APR 버전 [1.7.4]을(를) 사용한, APR 기반 Apache Tomcat Native 라이브러리 [1.3.1]을(를) 로드했습니다.
09-Feb-2025 23:10:15.067 INFO [main] org.apache.catalina.core.AprLifecycleListener.lifecycleEvent APR 용량정보들: IPv6 [true], sendfile [true], accept filters [false], random [true], UDS [true].
09-Feb-2025 23:10:15.067 INFO [main] org.apache.catalina.core.AprLifecycleListener.lifecycleEvent APR/OpenSSL 설정: useAprConnector [false], useOpenSSL [true]
09-Feb-2025 23:10:15.072 INFO [main] org.apache.catalina.core.AprLifecycleListener.initializeSSL OpenSSL이 성공적으로 초기화되었습니다: [OpenSSL 3.0.14 4 Jun 2024]
09-Feb-2025 23:10:15.427 INFO [main] org.apache.coyote.AbstractProtocol.init 프로토콜 핸들러 ["http-nio-8080"]을(를) 초기화합니다.
09-Feb-2025 23:10:15.445 INFO [main] org.apache.catalina.startup.Catalina.load [600] 밀리초 내에 서버가 초기화되었습니다.
09-Feb-2025 23:10:15.496 INFO [main] org.apache.catalina.core.StandardService.startInternal 서비스 [Catalina]을(를) 시작합니다.
09-Feb-2025 23:10:15.496 INFO [main] org.apache.catalina.core.StandardEngine.startInternal 서버 엔진을 시작합니다: [Apache Tomcat/9.0.98]
09-Feb-2025 23:10:15.504 INFO [main] org.apache.catalina.startup.HostConfig.deployDescriptor 배치 descriptor [C:\Mvc_Project_Manager\conf\Catalina\localhost\controller.xml]을(를) 배치합니다.
09-Feb-2025 23:10:17.370 INFO [main] org.apache.jasper.servlet.TldScanner.scanJars 적어도 하나의 JAR가 TLD들을 찾기 위해 스캔되었으나 아무 것도 찾지 못했습니다. 스캔했으나 TLD가 없는 JAR들의 전체 목록을 보시려면, 로그 레벨을 디버그 레벨로 설정하십시오. 스캔 과정에서 불필요한 JAR들을 건너뛰면, 시스템 시작 시간과 JSP 컴파일 시간을 단축시킬 수 있습니다.
09-Feb-2025 23:10:19.247 INFO [main] org.apache.catalina.startup.HostConfig.deployDescriptor 배치 descriptor [C:\Mvc_Project_Manager\conf\Catalina\localhost\controller.xml]의 배치가 [3,742] 밀리초 내에 완료되었습니다.
09-Feb-2025 23:10:19.253 INFO [main] org.apache.coyote.AbstractProtocol.start 프로토콜 핸들러 ["http-nio-8080"]을(를) 시작합니다.
09-Feb-2025 23:10:19.287 INFO [main] org.apache.catalina.startup.Catalina.start 서버가 [3840] 밀리초 내에 시작되었습니다.
09-Feb-2025 23:11:30.258 INFO [Thread-1] org.apache.coyote.AbstractProtocol.pause 프로토콜 핸들러 ["http-nio-8080"]을(를) 일시 정지 중
09-Feb-2025 23:11:30.266 INFO [Thread-1] org.apache.catalina.core.StandardService.stopInternal 서비스 [Catalina]을(를) 중지시킵니다.
09-Feb-2025 23:11:30.292 INFO [Thread-1] org.apache.coyote.AbstractProtocol.stop 프로토콜 핸들러 ["http-nio-8080"]을(를) 중지시킵니다.
09-Feb-2025 23:11:30.300 INFO [Thread-1] org.apache.coyote.AbstractProtocol.destroy 프로토콜 핸들러 ["http-nio-8080"]을(를) 소멸시킵니다.
09-Feb-2025 23:12:49.112 INFO [main] org.apache.catalina.startup.VersionLoggerListener.log 서버 버전 이름:    Apache Tomcat/9.0.98
09-Feb-2025 23:12:49.115 INFO [main] org.apache.catalina.startup.VersionLoggerListener.log Server 빌드 시각:  Dec 5 2024 19:50:29 UTC
09-Feb-2025 23:12:49.115 INFO [main] org.apache.catalina.startup.VersionLoggerListener.log Server 버전 번호:  9.0.98.0
09-Feb-2025 23:12:49.115 INFO [main] org.apache.catalina.startup.VersionLoggerListener.log 운영체제 이름:     Windows 11
09-Feb-2025 23:12:49.115 INFO [main] org.apache.catalina.startup.VersionLoggerListener.log 운영체제 버전:     10.0
09-Feb-2025 23:12:49.115 INFO [main] org.apache.catalina.startup.VersionLoggerListener.log 아키텍처:          amd64
09-Feb-2025 23:12:49.115 INFO [main] org.apache.catalina.startup.VersionLoggerListener.log 자바 홈:           C:\Program Files\Java\jdk-23
09-Feb-2025 23:12:49.115 INFO [main] org.apache.catalina.startup.VersionLoggerListener.log JVM 버전:          23.0.1+11-39
09-Feb-2025 23:12:49.115 INFO [main] org.apache.catalina.startup.VersionLoggerListener.log JVM 벤더:          Oracle Corporation
09-Feb-2025 23:12:49.116 INFO [main] org.apache.catalina.startup.VersionLoggerListener.log CATALINA_BASE:     C:\Mvc_Project_Manager
09-Feb-2025 23:12:49.116 INFO [main] org.apache.catalina.startup.VersionLoggerListener.log CATALINA_HOME:     C:\Users\apache-tomcat-9.0.98
09-Feb-2025 23:12:49.123 INFO [main] org.apache.catalina.startup.VersionLoggerListener.log 명령 행 아규먼트:  --add-opens=java.base/java.lang=ALL-UNNAMED
09-Feb-2025 23:12:49.124 INFO [main] org.apache.catalina.startup.VersionLoggerListener.log 명령 행 아규먼트:  --add-opens=java.base/java.io=ALL-UNNAMED
09-Feb-2025 23:12:49.124 INFO [main] org.apache.catalina.startup.VersionLoggerListener.log 명령 행 아규먼트:  --add-opens=java.base/java.util=ALL-UNNAMED
09-Feb-2025 23:12:49.124 INFO [main] org.apache.catalina.startup.VersionLoggerListener.log 명령 행 아규먼트:  --add-opens=java.base/java.util.concurrent=ALL-UNNAMED
09-Feb-2025 23:12:49.124 INFO [main] org.apache.catalina.startup.VersionLoggerListener.log 명령 행 아규먼트:  --add-opens=java.rmi/sun.rmi.transport=ALL-UNNAMED
09-Feb-2025 23:12:49.124 INFO [main] org.apache.catalina.startup.VersionLoggerListener.log 명령 행 아규먼트:  -Dcatalina.home=C:\Users\apache-tomcat-9.0.98
09-Feb-2025 23:12:49.124 INFO [main] org.apache.catalina.startup.VersionLoggerListener.log 명령 행 아규먼트:  -Dcatalina.base=C:\Mvc_Project_Manager
09-Feb-2025 23:12:49.124 INFO [main] org.apache.catalina.startup.VersionLoggerListener.log 명령 행 아규먼트:  -Djava.io.tmpdir=C:\Mvc_Project_Manager\temp
09-Feb-2025 23:12:49.124 INFO [main] org.apache.catalina.startup.VersionLoggerListener.log 명령 행 아규먼트:  -Djava.util.logging.config.file=C:\Mvc_Project_Manager\conf\logging.properties
09-Feb-2025 23:12:49.124 INFO [main] org.apache.catalina.startup.VersionLoggerListener.log 명령 행 아규먼트:  -Djava.util.logging.manager=org.apache.juli.ClassLoaderLogManager
09-Feb-2025 23:12:49.125 INFO [main] org.apache.catalina.startup.VersionLoggerListener.log 명령 행 아규먼트:  -javaagent:C:\Program Files\JetBrains\IntelliJ IDEA 2024.3.1\lib\idea_rt.jar=53165:C:\Program Files\JetBrains\IntelliJ IDEA 2024.3.1\bin
09-Feb-2025 23:12:49.125 INFO [main] org.apache.catalina.startup.VersionLoggerListener.log 명령 행 아규먼트:  -Dfile.encoding=UTF-8
09-Feb-2025 23:12:49.125 INFO [main] org.apache.catalina.startup.VersionLoggerListener.log 명령 행 아규먼트:  -Dsun.stdout.encoding=UTF-8
09-Feb-2025 23:12:49.125 INFO [main] org.apache.catalina.startup.VersionLoggerListener.log 명령 행 아규먼트:  -Dsun.stderr.encoding=UTF-8
09-Feb-2025 23:12:49.128 INFO [main] org.apache.catalina.core.AprLifecycleListener.lifecycleEvent APR 버전 [1.7.4]을(를) 사용한, APR 기반 Apache Tomcat Native 라이브러리 [1.3.1]을(를) 로드했습니다.
09-Feb-2025 23:12:49.128 INFO [main] org.apache.catalina.core.AprLifecycleListener.lifecycleEvent APR 용량정보들: IPv6 [true], sendfile [true], accept filters [false], random [true], UDS [true].
09-Feb-2025 23:12:49.128 INFO [main] org.apache.catalina.core.AprLifecycleListener.lifecycleEvent APR/OpenSSL 설정: useAprConnector [false], useOpenSSL [true]
09-Feb-2025 23:12:49.133 INFO [main] org.apache.catalina.core.AprLifecycleListener.initializeSSL OpenSSL이 성공적으로 초기화되었습니다: [OpenSSL 3.0.14 4 Jun 2024]
09-Feb-2025 23:12:49.503 INFO [main] org.apache.coyote.AbstractProtocol.init 프로토콜 핸들러 ["http-nio-8080"]을(를) 초기화합니다.
09-Feb-2025 23:12:49.520 INFO [main] org.apache.catalina.startup.Catalina.load [623] 밀리초 내에 서버가 초기화되었습니다.
09-Feb-2025 23:12:49.578 INFO [main] org.apache.catalina.core.StandardService.startInternal 서비스 [Catalina]을(를) 시작합니다.
09-Feb-2025 23:12:49.579 INFO [main] org.apache.catalina.core.StandardEngine.startInternal 서버 엔진을 시작합니다: [Apache Tomcat/9.0.98]
09-Feb-2025 23:12:49.587 INFO [main] org.apache.catalina.startup.HostConfig.deployDescriptor 배치 descriptor [C:\Mvc_Project_Manager\conf\Catalina\localhost\controller.xml]을(를) 배치합니다.
09-Feb-2025 23:12:51.459 INFO [main] org.apache.jasper.servlet.TldScanner.scanJars 적어도 하나의 JAR가 TLD들을 찾기 위해 스캔되었으나 아무 것도 찾지 못했습니다. 스캔했으나 TLD가 없는 JAR들의 전체 목록을 보시려면, 로그 레벨을 디버그 레벨로 설정하십시오. 스캔 과정에서 불필요한 JAR들을 건너뛰면, 시스템 시작 시간과 JSP 컴파일 시간을 단축시킬 수 있습니다.
09-Feb-2025 23:12:53.298 INFO [main] org.apache.catalina.startup.HostConfig.deployDescriptor 배치 descriptor [C:\Mvc_Project_Manager\conf\Catalina\localhost\controller.xml]의 배치가 [3,710] 밀리초 내에 완료되었습니다.
09-Feb-2025 23:12:53.302 INFO [main] org.apache.coyote.AbstractProtocol.start 프로토콜 핸들러 ["http-nio-8080"]을(를) 시작합니다.
09-Feb-2025 23:12:53.331 INFO [main] org.apache.catalina.startup.Catalina.start 서버가 [3808] 밀리초 내에 시작되었습니다.
09-Feb-2025 23:13:36.355 INFO [Thread-1] org.apache.coyote.AbstractProtocol.pause 프로토콜 핸들러 ["http-nio-8080"]을(를) 일시 정지 중
09-Feb-2025 23:13:36.362 INFO [Thread-1] org.apache.catalina.core.StandardService.stopInternal 서비스 [Catalina]을(를) 중지시킵니다.
09-Feb-2025 23:13:36.384 INFO [Thread-1] org.apache.coyote.AbstractProtocol.stop 프로토콜 핸들러 ["http-nio-8080"]을(를) 중지시킵니다.
09-Feb-2025 23:13:36.393 INFO [Thread-1] org.apache.coyote.AbstractProtocol.destroy 프로토콜 핸들러 ["http-nio-8080"]을(를) 소멸시킵니다.
09-Feb-2025 23:13:39.131 INFO [main] org.apache.catalina.startup.VersionLoggerListener.log 서버 버전 이름:    Apache Tomcat/9.0.98
09-Feb-2025 23:13:39.134 INFO [main] org.apache.catalina.startup.VersionLoggerListener.log Server 빌드 시각:  Dec 5 2024 19:50:29 UTC
09-Feb-2025 23:13:39.134 INFO [main] org.apache.catalina.startup.VersionLoggerListener.log Server 버전 번호:  9.0.98.0
09-Feb-2025 23:13:39.134 INFO [main] org.apache.catalina.startup.VersionLoggerListener.log 운영체제 이름:     Windows 11
09-Feb-2025 23:13:39.134 INFO [main] org.apache.catalina.startup.VersionLoggerListener.log 운영체제 버전:     10.0
09-Feb-2025 23:13:39.134 INFO [main] org.apache.catalina.startup.VersionLoggerListener.log 아키텍처:          amd64
09-Feb-2025 23:13:39.135 INFO [main] org.apache.catalina.startup.VersionLoggerListener.log 자바 홈:           C:\Program Files\Java\jdk-23
09-Feb-2025 23:13:39.135 INFO [main] org.apache.catalina.startup.VersionLoggerListener.log JVM 버전:          23.0.1+11-39
09-Feb-2025 23:13:39.135 INFO [main] org.apache.catalina.startup.VersionLoggerListener.log JVM 벤더:          Oracle Corporation
09-Feb-2025 23:13:39.135 INFO [main] org.apache.catalina.startup.VersionLoggerListener.log CATALINA_BASE:     C:\Mvc_Project_Manager
09-Feb-2025 23:13:39.135 INFO [main] org.apache.catalina.startup.VersionLoggerListener.log CATALINA_HOME:     C:\Users\apache-tomcat-9.0.98
09-Feb-2025 23:13:39.144 INFO [main] org.apache.catalina.startup.VersionLoggerListener.log 명령 행 아규먼트:  --add-opens=java.base/java.lang=ALL-UNNAMED
09-Feb-2025 23:13:39.144 INFO [main] org.apache.catalina.startup.VersionLoggerListener.log 명령 행 아규먼트:  --add-opens=java.base/java.io=ALL-UNNAMED
09-Feb-2025 23:13:39.144 INFO [main] org.apache.catalina.startup.VersionLoggerListener.log 명령 행 아규먼트:  --add-opens=java.base/java.util=ALL-UNNAMED
09-Feb-2025 23:13:39.144 INFO [main] org.apache.catalina.startup.VersionLoggerListener.log 명령 행 아규먼트:  --add-opens=java.base/java.util.concurrent=ALL-UNNAMED
09-Feb-2025 23:13:39.144 INFO [main] org.apache.catalina.startup.VersionLoggerListener.log 명령 행 아규먼트:  --add-opens=java.rmi/sun.rmi.transport=ALL-UNNAMED
09-Feb-2025 23:13:39.144 INFO [main] org.apache.catalina.startup.VersionLoggerListener.log 명령 행 아규먼트:  -Dcatalina.home=C:\Users\apache-tomcat-9.0.98
09-Feb-2025 23:13:39.145 INFO [main] org.apache.catalina.startup.VersionLoggerListener.log 명령 행 아규먼트:  -Dcatalina.base=C:\Mvc_Project_Manager
09-Feb-2025 23:13:39.145 INFO [main] org.apache.catalina.startup.VersionLoggerListener.log 명령 행 아규먼트:  -Djava.io.tmpdir=C:\Mvc_Project_Manager\temp
09-Feb-2025 23:13:39.145 INFO [main] org.apache.catalina.startup.VersionLoggerListener.log 명령 행 아규먼트:  -Djava.util.logging.config.file=C:\Mvc_Project_Manager\conf\logging.properties
09-Feb-2025 23:13:39.145 INFO [main] org.apache.catalina.startup.VersionLoggerListener.log 명령 행 아규먼트:  -Djava.util.logging.manager=org.apache.juli.ClassLoaderLogManager
09-Feb-2025 23:13:39.145 INFO [main] org.apache.catalina.startup.VersionLoggerListener.log 명령 행 아규먼트:  -javaagent:C:\Program Files\JetBrains\IntelliJ IDEA 2024.3.1\lib\idea_rt.jar=53193:C:\Program Files\JetBrains\IntelliJ IDEA 2024.3.1\bin
09-Feb-2025 23:13:39.146 INFO [main] org.apache.catalina.startup.VersionLoggerListener.log 명령 행 아규먼트:  -Dfile.encoding=UTF-8
09-Feb-2025 23:13:39.146 INFO [main] org.apache.catalina.startup.VersionLoggerListener.log 명령 행 아규먼트:  -Dsun.stdout.encoding=UTF-8
09-Feb-2025 23:13:39.146 INFO [main] org.apache.catalina.startup.VersionLoggerListener.log 명령 행 아규먼트:  -Dsun.stderr.encoding=UTF-8
09-Feb-2025 23:13:39.149 INFO [main] org.apache.catalina.core.AprLifecycleListener.lifecycleEvent APR 버전 [1.7.4]을(를) 사용한, APR 기반 Apache Tomcat Native 라이브러리 [1.3.1]을(를) 로드했습니다.
09-Feb-2025 23:13:39.149 INFO [main] org.apache.catalina.core.AprLifecycleListener.lifecycleEvent APR 용량정보들: IPv6 [true], sendfile [true], accept filters [false], random [true], UDS [true].
09-Feb-2025 23:13:39.149 INFO [main] org.apache.catalina.core.AprLifecycleListener.lifecycleEvent APR/OpenSSL 설정: useAprConnector [false], useOpenSSL [true]
09-Feb-2025 23:13:39.156 INFO [main] org.apache.catalina.core.AprLifecycleListener.initializeSSL OpenSSL이 성공적으로 초기화되었습니다: [OpenSSL 3.0.14 4 Jun 2024]
09-Feb-2025 23:13:39.511 INFO [main] org.apache.coyote.AbstractProtocol.init 프로토콜 핸들러 ["http-nio-8080"]을(를) 초기화합니다.
09-Feb-2025 23:13:39.529 INFO [main] org.apache.catalina.startup.Catalina.load [604] 밀리초 내에 서버가 초기화되었습니다.
09-Feb-2025 23:13:39.584 INFO [main] org.apache.catalina.core.StandardService.startInternal 서비스 [Catalina]을(를) 시작합니다.
09-Feb-2025 23:13:39.584 INFO [main] org.apache.catalina.core.StandardEngine.startInternal 서버 엔진을 시작합니다: [Apache Tomcat/9.0.98]
09-Feb-2025 23:13:39.594 INFO [main] org.apache.catalina.startup.HostConfig.deployDescriptor 배치 descriptor [C:\Mvc_Project_Manager\conf\Catalina\localhost\controller.xml]을(를) 배치합니다.
09-Feb-2025 23:13:41.472 INFO [main] org.apache.jasper.servlet.TldScanner.scanJars 적어도 하나의 JAR가 TLD들을 찾기 위해 스캔되었으나 아무 것도 찾지 못했습니다. 스캔했으나 TLD가 없는 JAR들의 전체 목록을 보시려면, 로그 레벨을 디버그 레벨로 설정하십시오. 스캔 과정에서 불필요한 JAR들을 건너뛰면, 시스템 시작 시간과 JSP 컴파일 시간을 단축시킬 수 있습니다.
09-Feb-2025 23:13:43.305 INFO [main] org.apache.catalina.startup.HostConfig.deployDescriptor 배치 descriptor [C:\Mvc_Project_Manager\conf\Catalina\localhost\controller.xml]의 배치가 [3,709] 밀리초 내에 완료되었습니다.
09-Feb-2025 23:13:43.311 INFO [main] org.apache.coyote.AbstractProtocol.start 프로토콜 핸들러 ["http-nio-8080"]을(를) 시작합니다.
09-Feb-2025 23:13:43.340 INFO [main] org.apache.catalina.startup.Catalina.start 서버가 [3808] 밀리초 내에 시작되었습니다.
09-Feb-2025 23:15:58.492 INFO [Thread-1] org.apache.coyote.AbstractProtocol.pause 프로토콜 핸들러 ["http-nio-8080"]을(를) 일시 정지 중
09-Feb-2025 23:15:58.497 INFO [Thread-1] org.apache.catalina.core.StandardService.stopInternal 서비스 [Catalina]을(를) 중지시킵니다.
09-Feb-2025 23:15:58.517 INFO [Thread-1] org.apache.coyote.AbstractProtocol.stop 프로토콜 핸들러 ["http-nio-8080"]을(를) 중지시킵니다.
09-Feb-2025 23:15:58.525 INFO [Thread-1] org.apache.coyote.AbstractProtocol.destroy 프로토콜 핸들러 ["http-nio-8080"]을(를) 소멸시킵니다.
09-Feb-2025 23:16:04.466 INFO [main] org.apache.catalina.startup.VersionLoggerListener.log 서버 버전 이름:    Apache Tomcat/9.0.98
09-Feb-2025 23:16:04.470 INFO [main] org.apache.catalina.startup.VersionLoggerListener.log Server 빌드 시각:  Dec 5 2024 19:50:29 UTC
09-Feb-2025 23:16:04.470 INFO [main] org.apache.catalina.startup.VersionLoggerListener.log Server 버전 번호:  9.0.98.0
09-Feb-2025 23:16:04.470 INFO [main] org.apache.catalina.startup.VersionLoggerListener.log 운영체제 이름:     Windows 11
09-Feb-2025 23:16:04.470 INFO [main] org.apache.catalina.startup.VersionLoggerListener.log 운영체제 버전:     10.0
09-Feb-2025 23:16:04.471 INFO [main] org.apache.catalina.startup.VersionLoggerListener.log 아키텍처:          amd64
09-Feb-2025 23:16:04.471 INFO [main] org.apache.catalina.startup.VersionLoggerListener.log 자바 홈:           C:\Program Files\Java\jdk-23
09-Feb-2025 23:16:04.471 INFO [main] org.apache.catalina.startup.VersionLoggerListener.log JVM 버전:          23.0.1+11-39
09-Feb-2025 23:16:04.471 INFO [main] org.apache.catalina.startup.VersionLoggerListener.log JVM 벤더:          Oracle Corporation
09-Feb-2025 23:16:04.471 INFO [main] org.apache.catalina.startup.VersionLoggerListener.log CATALINA_BASE:     C:\Mvc_Project_Manager
09-Feb-2025 23:16:04.471 INFO [main] org.apache.catalina.startup.VersionLoggerListener.log CATALINA_HOME:     C:\Users\apache-tomcat-9.0.98
09-Feb-2025 23:16:04.477 INFO [main] org.apache.catalina.startup.VersionLoggerListener.log 명령 행 아규먼트:  --add-opens=java.base/java.lang=ALL-UNNAMED
09-Feb-2025 23:16:04.479 INFO [main] org.apache.catalina.startup.VersionLoggerListener.log 명령 행 아규먼트:  --add-opens=java.base/java.io=ALL-UNNAMED
09-Feb-2025 23:16:04.479 INFO [main] org.apache.catalina.startup.VersionLoggerListener.log 명령 행 아규먼트:  --add-opens=java.base/java.util=ALL-UNNAMED
09-Feb-2025 23:16:04.479 INFO [main] org.apache.catalina.startup.VersionLoggerListener.log 명령 행 아규먼트:  --add-opens=java.base/java.util.concurrent=ALL-UNNAMED
09-Feb-2025 23:16:04.479 INFO [main] org.apache.catalina.startup.VersionLoggerListener.log 명령 행 아규먼트:  --add-opens=java.rmi/sun.rmi.transport=ALL-UNNAMED
09-Feb-2025 23:16:04.479 INFO [main] org.apache.catalina.startup.VersionLoggerListener.log 명령 행 아규먼트:  -Dcatalina.home=C:\Users\apache-tomcat-9.0.98
09-Feb-2025 23:16:04.479 INFO [main] org.apache.catalina.startup.VersionLoggerListener.log 명령 행 아규먼트:  -Dcatalina.base=C:\Mvc_Project_Manager
09-Feb-2025 23:16:04.479 INFO [main] org.apache.catalina.startup.VersionLoggerListener.log 명령 행 아규먼트:  -Djava.io.tmpdir=C:\Mvc_Project_Manager\temp
09-Feb-2025 23:16:04.479 INFO [main] org.apache.catalina.startup.VersionLoggerListener.log 명령 행 아규먼트:  -Djava.util.logging.config.file=C:\Mvc_Project_Manager\conf\logging.properties
09-Feb-2025 23:16:04.480 INFO [main] org.apache.catalina.startup.VersionLoggerListener.log 명령 행 아규먼트:  -Djava.util.logging.manager=org.apache.juli.ClassLoaderLogManager
09-Feb-2025 23:16:04.480 INFO [main] org.apache.catalina.startup.VersionLoggerListener.log 명령 행 아규먼트:  -javaagent:C:\Program Files\JetBrains\IntelliJ IDEA 2024.3.1\lib\idea_rt.jar=53269:C:\Program Files\JetBrains\IntelliJ IDEA 2024.3.1\bin
09-Feb-2025 23:16:04.480 INFO [main] org.apache.catalina.startup.VersionLoggerListener.log 명령 행 아규먼트:  -Dfile.encoding=UTF-8
09-Feb-2025 23:16:04.480 INFO [main] org.apache.catalina.startup.VersionLoggerListener.log 명령 행 아규먼트:  -Dsun.stdout.encoding=UTF-8
09-Feb-2025 23:16:04.480 INFO [main] org.apache.catalina.startup.VersionLoggerListener.log 명령 행 아규먼트:  -Dsun.stderr.encoding=UTF-8
09-Feb-2025 23:16:04.483 INFO [main] org.apache.catalina.core.AprLifecycleListener.lifecycleEvent APR 버전 [1.7.4]을(를) 사용한, APR 기반 Apache Tomcat Native 라이브러리 [1.3.1]을(를) 로드했습니다.
09-Feb-2025 23:16:04.483 INFO [main] org.apache.catalina.core.AprLifecycleListener.lifecycleEvent APR 용량정보들: IPv6 [true], sendfile [true], accept filters [false], random [true], UDS [true].
09-Feb-2025 23:16:04.483 INFO [main] org.apache.catalina.core.AprLifecycleListener.lifecycleEvent APR/OpenSSL 설정: useAprConnector [false], useOpenSSL [true]
09-Feb-2025 23:16:04.488 INFO [main] org.apache.catalina.core.AprLifecycleListener.initializeSSL OpenSSL이 성공적으로 초기화되었습니다: [OpenSSL 3.0.14 4 Jun 2024]
09-Feb-2025 23:16:04.830 INFO [main] org.apache.coyote.AbstractProtocol.init 프로토콜 핸들러 ["http-nio-8080"]을(를) 초기화합니다.
09-Feb-2025 23:16:04.847 INFO [main] org.apache.catalina.startup.Catalina.load [578] 밀리초 내에 서버가 초기화되었습니다.
09-Feb-2025 23:16:04.893 INFO [main] org.apache.catalina.core.StandardService.startInternal 서비스 [Catalina]을(를) 시작합니다.
09-Feb-2025 23:16:04.894 INFO [main] org.apache.catalina.core.StandardEngine.startInternal 서버 엔진을 시작합니다: [Apache Tomcat/9.0.98]
09-Feb-2025 23:16:04.902 INFO [main] org.apache.catalina.startup.HostConfig.deployDescriptor 배치 descriptor [C:\Mvc_Project_Manager\conf\Catalina\localhost\controller.xml]을(를) 배치합니다.
09-Feb-2025 23:16:06.656 INFO [main] org.apache.jasper.servlet.TldScanner.scanJars 적어도 하나의 JAR가 TLD들을 찾기 위해 스캔되었으나 아무 것도 찾지 못했습니다. 스캔했으나 TLD가 없는 JAR들의 전체 목록을 보시려면, 로그 레벨을 디버그 레벨로 설정하십시오. 스캔 과정에서 불필요한 JAR들을 건너뛰면, 시스템 시작 시간과 JSP 컴파일 시간을 단축시킬 수 있습니다.
09-Feb-2025 23:16:08.366 INFO [main] org.apache.catalina.startup.HostConfig.deployDescriptor 배치 descriptor [C:\Mvc_Project_Manager\conf\Catalina\localhost\controller.xml]의 배치가 [3,463] 밀리초 내에 완료되었습니다.
09-Feb-2025 23:16:08.371 INFO [main] org.apache.coyote.AbstractProtocol.start 프로토콜 핸들러 ["http-nio-8080"]을(를) 시작합니다.
09-Feb-2025 23:16:08.401 INFO [main] org.apache.catalina.startup.Catalina.start 서버가 [3551] 밀리초 내에 시작되었습니다.
09-Feb-2025 23:17:13.396 INFO [Thread-1] org.apache.coyote.AbstractProtocol.pause 프로토콜 핸들러 ["http-nio-8080"]을(를) 일시 정지 중
09-Feb-2025 23:17:13.401 INFO [Thread-1] org.apache.catalina.core.StandardService.stopInternal 서비스 [Catalina]을(를) 중지시킵니다.
09-Feb-2025 23:17:13.422 INFO [Thread-1] org.apache.coyote.AbstractProtocol.stop 프로토콜 핸들러 ["http-nio-8080"]을(를) 중지시킵니다.
09-Feb-2025 23:17:13.439 INFO [Thread-1] org.apache.coyote.AbstractProtocol.destroy 프로토콜 핸들러 ["http-nio-8080"]을(를) 소멸시킵니다.
