09-Feb-2025 22:33:04.049 INFO [main] org.apache.catalina.core.ApplicationContext.log 1 Spring WebApplicationInitializers detected on classpath
09-Feb-2025 22:59:11.779 INFO [Thread-1] org.apache.catalina.core.ApplicationContext.log Closing Spring root WebApplicationContext
09-Feb-2025 23:05:32.223 INFO [main] org.apache.catalina.core.ApplicationContext.log 1 Spring WebApplicationInitializers detected on classpath
09-Feb-2025 23:06:42.345 INFO [Catalina-utility-1] org.apache.catalina.core.ApplicationContext.log Closing Spring root WebApplicationContext
09-Feb-2025 23:06:43.654 INFO [Catalina-utility-1] org.apache.catalina.core.ApplicationContext.log 1 Spring WebApplicationInitializers detected on classpath
09-Feb-2025 23:06:43.721 INFO [Catalina-utility-1] org.apache.catalina.core.ApplicationContext.log Initializing Spring root WebApplicationContext
09-Feb-2025 23:06:44.065 INFO [Catalina-utility-1] org.apache.catalina.core.ApplicationContext.log Initializing Spring FrameworkServlet 'dispatcher'
09-Feb-2025 23:06:45.122 INFO [Thread-1] org.apache.catalina.core.ApplicationContext.log Destroying Spring FrameworkServlet 'dispatcher'
09-Feb-2025 23:06:45.123 INFO [Thread-1] org.apache.catalina.core.ApplicationContext.log Closing Spring root WebApplicationContext
09-Feb-2025 23:06:50.073 INFO [main] org.apache.catalina.core.ApplicationContext.log 1 Spring WebApplicationInitializers detected on classpath
09-Feb-2025 23:06:50.146 INFO [main] org.apache.catalina.core.ApplicationContext.log Initializing Spring root WebApplicationContext
09-Feb-2025 23:06:50.479 INFO [main] org.apache.catalina.core.ApplicationContext.log Initializing Spring FrameworkServlet 'dispatcher'
09-Feb-2025 23:08:14.776 INFO [Thread-1] org.apache.catalina.core.ApplicationContext.log Destroying Spring FrameworkServlet 'dispatcher'
09-Feb-2025 23:08:14.777 INFO [Thread-1] org.apache.catalina.core.ApplicationContext.log Closing Spring root WebApplicationContext
09-Feb-2025 23:08:19.811 INFO [main] org.apache.catalina.core.ApplicationContext.log 1 Spring WebApplicationInitializers detected on classpath
09-Feb-2025 23:08:19.881 INFO [main] org.apache.catalina.core.ApplicationContext.log Initializing Spring root WebApplicationContext
09-Feb-2025 23:08:20.211 INFO [main] org.apache.catalina.core.ApplicationContext.log Initializing Spring FrameworkServlet 'dispatcher'
09-Feb-2025 23:10:10.646 INFO [Thread-1] org.apache.catalina.core.ApplicationContext.log Destroying Spring FrameworkServlet 'dispatcher'
09-Feb-2025 23:10:10.648 INFO [Thread-1] org.apache.catalina.core.ApplicationContext.log Closing Spring root WebApplicationContext
09-Feb-2025 23:10:17.504 INFO [main] org.apache.catalina.core.ApplicationContext.log 1 Spring WebApplicationInitializers detected on classpath
09-Feb-2025 23:10:17.585 INFO [main] org.apache.catalina.core.ApplicationContext.log Initializing Spring root WebApplicationContext
09-Feb-2025 23:10:17.975 INFO [main] org.apache.catalina.core.ApplicationContext.log Initializing Spring FrameworkServlet 'dispatcher'
09-Feb-2025 23:11:30.267 INFO [Thread-1] org.apache.catalina.core.ApplicationContext.log Destroying Spring FrameworkServlet 'dispatcher'
09-Feb-2025 23:11:30.280 INFO [Thread-1] org.apache.catalina.core.ApplicationContext.log Closing Spring root WebApplicationContext
09-Feb-2025 23:12:51.595 INFO [main] org.apache.catalina.core.ApplicationContext.log 1 Spring WebApplicationInitializers detected on classpath
09-Feb-2025 23:12:51.678 INFO [main] org.apache.catalina.core.ApplicationContext.log Initializing Spring root WebApplicationContext
09-Feb-2025 23:12:52.051 INFO [main] org.apache.catalina.core.ApplicationContext.log Initializing Spring FrameworkServlet 'dispatcher'
09-Feb-2025 23:13:36.364 INFO [Thread-1] org.apache.catalina.core.ApplicationContext.log Destroying Spring FrameworkServlet 'dispatcher'
09-Feb-2025 23:13:36.375 INFO [Thread-1] org.apache.catalina.core.ApplicationContext.log Closing Spring root WebApplicationContext
09-Feb-2025 23:13:41.600 INFO [main] org.apache.catalina.core.ApplicationContext.log 1 Spring WebApplicationInitializers detected on classpath
09-Feb-2025 23:13:41.676 INFO [main] org.apache.catalina.core.ApplicationContext.log Initializing Spring root WebApplicationContext
09-Feb-2025 23:13:42.059 INFO [main] org.apache.catalina.core.ApplicationContext.log Initializing Spring FrameworkServlet 'dispatcher'
09-Feb-2025 23:15:58.498 INFO [Thread-1] org.apache.catalina.core.ApplicationContext.log Destroying Spring FrameworkServlet 'dispatcher'
09-Feb-2025 23:15:58.508 INFO [Thread-1] org.apache.catalina.core.ApplicationContext.log Closing Spring root WebApplicationContext
09-Feb-2025 23:16:06.785 INFO [main] org.apache.catalina.core.ApplicationContext.log 1 Spring WebApplicationInitializers detected on classpath
09-Feb-2025 23:16:06.864 INFO [main] org.apache.catalina.core.ApplicationContext.log Initializing Spring root WebApplicationContext
09-Feb-2025 23:16:07.227 INFO [main] org.apache.catalina.core.ApplicationContext.log Initializing Spring FrameworkServlet 'dispatcher'
09-Feb-2025 23:17:13.402 INFO [Thread-1] org.apache.catalina.core.ApplicationContext.log Destroying Spring FrameworkServlet 'dispatcher'
09-Feb-2025 23:17:13.413 INFO [Thread-1] org.apache.catalina.core.ApplicationContext.log Closing Spring root WebApplicationContext
